{"/Users/rahulraogonda/Developer/github/tee-union/tee-union-api/src/app.service.ts": {"path":"/Users/rahulraogonda/Developer/github/tee-union/tee-union-api/src/app.service.ts","statementMap":{"0":{"start":{"line":1,"column":0},"end":{"line":1,"column":44}},"1":{"start":{"line":4,"column":7},"end":{"line":8,"column":null}},"2":{"start":{"line":6,"column":4},"end":{"line":6,"column":26}},"3":{"start":{"line":4,"column":13},"end":{"line":4,"column":23}},"4":{"start":{"line":4,"column":13},"end":{"line":8,"column":null}}},"fnMap":{"0":{"name":"(anonymous_1)","decl":{"start":{"line":5,"column":2},"end":{"line":5,"column":10}},"loc":{"start":{"line":5,"column":10},"end":{"line":7,"column":3}}}},"branchMap":{},"s":{"0":1,"1":1,"2":1,"3":1,"4":1},"f":{"0":1},"b":{}}
,"/Users/rahulraogonda/Developer/github/tee-union/tee-union-api/src/auth/auth.service.ts": {"path":"/Users/rahulraogonda/Developer/github/tee-union/tee-union-api/src/auth/auth.service.ts","statementMap":{"0":{"start":{"line":1,"column":0},"end":{"line":1,"column":null}},"1":{"start":{"line":7,"column":0},"end":{"line":7,"column":41}},"2":{"start":{"line":8,"column":0},"end":{"line":8,"column":33}},"3":{"start":{"line":9,"column":0},"end":{"line":9,"column":57}},"4":{"start":{"line":14,"column":24},"end":{"line":126,"column":null}},"5":{"start":{"line":15,"column":28},"end":{"line":15,"column":56}},"6":{"start":{"line":18,"column":12},"end":{"line":18,"column":20}},"7":{"start":{"line":19,"column":12},"end":{"line":19,"column":17}},"8":{"start":{"line":33,"column":17},"end":{"line":35,"column":6}},"9":{"start":{"line":37,"column":4},"end":{"line":40,"column":5}},"10":{"start":{"line":38,"column":6},"end":{"line":38,"column":91}},"11":{"start":{"line":39,"column":6},"end":{"line":39,"column":61}},"12":{"start":{"line":42,"column":24},"end":{"line":42,"column":59}},"13":{"start":{"line":43,"column":20},"end":{"line":43,"column":62}},"14":{"start":{"line":45,"column":4},"end":{"line":48,"column":5}},"15":{"start":{"line":46,"column":6},"end":{"line":46,"column":85}},"16":{"start":{"line":47,"column":6},"end":{"line":47,"column":61}},"17":{"start":{"line":50,"column":4},"end":{"line":53,"column":7}},"18":{"start":{"line":55,"column":25},"end":{"line":55,"column":46}},"19":{"start":{"line":56,"column":4},"end":{"line":59,"column":6}},"20":{"start":{"line":61,"column":18},"end":{"line":61,"column":69}},"21":{"start":{"line":63,"column":4},"end":{"line":68,"column":6}},"22":{"start":{"line":83,"column":17},"end":{"line":85,"column":6}},"23":{"start":{"line":87,"column":24},"end":{"line":87,"column":59}},"24":{"start":{"line":88,"column":20},"end":{"line":88,"column":69}},"25":{"start":{"line":90,"column":4},"end":{"line":93,"column":5}},"26":{"start":{"line":91,"column":6},"end":{"line":91,"column":86}},"27":{"start":{"line":92,"column":6},"end":{"line":92,"column":64}},"28":{"start":{"line":95,"column":4},"end":{"line":97,"column":5}},"29":{"start":{"line":96,"column":6},"end":{"line":96,"column":82}},"30":{"start":{"line":99,"column":20},"end":{"line":99,"column":53}},"31":{"start":{"line":101,"column":4},"end":{"line":108,"column":7}},"32":{"start":{"line":110,"column":4},"end":{"line":110,"column":70}},"33":{"start":{"line":111,"column":4},"end":{"line":111,"column":51}},"34":{"start":{"line":121,"column":4},"end":{"line":124,"column":6}},"35":{"start":{"line":14,"column":13},"end":{"line":14,"column":24}},"36":{"start":{"line":14,"column":13},"end":{"line":126,"column":null}}},"fnMap":{"0":{"name":"(anonymous_11)","decl":{"start":{"line":17,"column":2},"end":{"line":17,"column":null}},"loc":{"start":{"line":19,"column":27},"end":{"line":20,"column":6}}},"1":{"name":"(anonymous_12)","decl":{"start":{"line":32,"column":2},"end":{"line":32,"column":7}},"loc":{"start":{"line":32,"column":27},"end":{"line":69,"column":3}}},"2":{"name":"(anonymous_13)","decl":{"start":{"line":82,"column":2},"end":{"line":82,"column":7}},"loc":{"start":{"line":82,"column":51},"end":{"line":112,"column":3}}},"3":{"name":"(anonymous_14)","decl":{"start":{"line":120,"column":10},"end":{"line":120,"column":19}},"loc":{"start":{"line":120,"column":68},"end":{"line":125,"column":3}}}},"branchMap":{"0":{"loc":{"start":{"line":37,"column":4},"end":{"line":40,"column":5}},"type":"if","locations":[{"start":{"line":37,"column":4},"end":{"line":40,"column":5}}]},"1":{"loc":{"start":{"line":37,"column":8},"end":{"line":37,"column":31}},"type":"binary-expr","locations":[{"start":{"line":37,"column":8},"end":{"line":37,"column":13}},{"start":{"line":37,"column":17},"end":{"line":37,"column":31}}]},"2":{"loc":{"start":{"line":42,"column":24},"end":{"line":42,"column":59}},"type":"binary-expr","locations":[{"start":{"line":42,"column":24},"end":{"line":42,"column":43}},{"start":{"line":42,"column":47},"end":{"line":42,"column":59}}]},"3":{"loc":{"start":{"line":45,"column":4},"end":{"line":48,"column":5}},"type":"if","locations":[{"start":{"line":45,"column":4},"end":{"line":48,"column":5}}]},"4":{"loc":{"start":{"line":58,"column":9},"end":{"line":58,"column":45}},"type":"cond-expr","locations":[{"start":{"line":58,"column":24},"end":{"line":58,"column":40}},{"start":{"line":58,"column":43},"end":{"line":58,"column":45}}]},"5":{"loc":{"start":{"line":87,"column":24},"end":{"line":87,"column":59}},"type":"binary-expr","locations":[{"start":{"line":87,"column":24},"end":{"line":87,"column":43}},{"start":{"line":87,"column":47},"end":{"line":87,"column":59}}]},"6":{"loc":{"start":{"line":90,"column":4},"end":{"line":93,"column":5}},"type":"if","locations":[{"start":{"line":90,"column":4},"end":{"line":93,"column":5}}]},"7":{"loc":{"start":{"line":95,"column":4},"end":{"line":97,"column":5}},"type":"if","locations":[{"start":{"line":95,"column":4},"end":{"line":97,"column":5}}]},"8":{"loc":{"start":{"line":18,"column":20},"end":{"line":18,"column":null}},"type":"cond-expr","locations":[{"start":{"line":18,"column":33},"end":{"line":18,"column":null}},{"start":{"line":18,"column":33},"end":{"line":18,"column":null}}]},"9":{"loc":{"start":{"line":18,"column":20},"end":{"line":18,"column":33}},"type":"binary-expr","locations":[{"start":{"line":18,"column":20},"end":{"line":18,"column":null}},{"start":{"line":18,"column":20},"end":{"line":18,"column":33}}]},"10":{"loc":{"start":{"line":18,"column":33},"end":{"line":19,"column":null}},"type":"cond-expr","locations":[{"start":{"line":19,"column":27},"end":{"line":19,"column":null}},{"start":{"line":19,"column":27},"end":{"line":19,"column":null}}]},"11":{"loc":{"start":{"line":18,"column":33},"end":{"line":19,"column":27}},"type":"binary-expr","locations":[{"start":{"line":18,"column":33},"end":{"line":19,"column":null}},{"start":{"line":19,"column":17},"end":{"line":19,"column":27}}]}},"s":{"0":1,"1":1,"2":1,"3":1,"4":1,"5":12,"6":12,"7":12,"8":7,"9":7,"10":2,"11":2,"12":5,"13":5,"14":5,"15":1,"16":1,"17":4,"18":4,"19":4,"20":4,"21":4,"22":5,"23":5,"24":5,"25":5,"26":1,"27":1,"28":4,"29":1,"30":3,"31":3,"32":3,"33":3,"34":4,"35":1,"36":1},"f":{"0":12,"1":7,"2":5,"3":4},"b":{"0":[2],"1":[7,6],"2":[5,4],"3":[1],"4":[1,3],"5":[5,4],"6":[1],"7":[1],"8":[1,0],"9":[1,1],"10":[1,0],"11":[1,1]}}
,"/Users/rahulraogonda/Developer/github/tee-union/tee-union-api/src/events/events.service.ts": {"path":"/Users/rahulraogonda/Developer/github/tee-union/tee-union-api/src/events/events.service.ts","statementMap":{"0":{"start":{"line":1,"column":0},"end":{"line":1,"column":90}},"1":{"start":{"line":2,"column":0},"end":{"line":2,"column":57}},"2":{"start":{"line":3,"column":0},"end":{"line":3,"column":97}},"3":{"start":{"line":4,"column":0},"end":{"line":4,"column":50}},"4":{"start":{"line":7,"column":26},"end":{"line":215,"column":null}},"5":{"start":{"line":8,"column":28},"end":{"line":8,"column":58}},"6":{"start":{"line":11,"column":12},"end":{"line":11,"column":20}},"7":{"start":{"line":12,"column":12},"end":{"line":12,"column":24}},"8":{"start":{"line":24,"column":17},"end":{"line":24,"column":35}},"9":{"start":{"line":25,"column":18},"end":{"line":31,"column":6}},"10":{"start":{"line":33,"column":26},"end":{"line":47,"column":6}},"11":{"start":{"line":49,"column":4},"end":{"line":49,"column":78}},"12":{"start":{"line":59,"column":18},"end":{"line":65,"column":6}},"13":{"start":{"line":66,"column":4},"end":{"line":66,"column":63}},"14":{"start":{"line":66,"column":16},"end":{"line":66,"column":63}},"15":{"start":{"line":67,"column":4},"end":{"line":67,"column":17}},"16":{"start":{"line":80,"column":19},"end":{"line":83,"column":6}},"17":{"start":{"line":84,"column":4},"end":{"line":84,"column":73}},"18":{"start":{"line":84,"column":17},"end":{"line":84,"column":73}},"19":{"start":{"line":86,"column":18},"end":{"line":86,"column":87}},"20":{"start":{"line":88,"column":4},"end":{"line":93,"column":5}},"21":{"start":{"line":89,"column":20},"end":{"line":89,"column":85}},"22":{"start":{"line":90,"column":6},"end":{"line":92,"column":7}},"23":{"start":{"line":91,"column":8},"end":{"line":91,"column":65}},"24":{"start":{"line":95,"column":4},"end":{"line":112,"column":5}},"25":{"start":{"line":96,"column":27},"end":{"line":98,"column":8}},"26":{"start":{"line":100,"column":6},"end":{"line":100,"column":90}},"27":{"start":{"line":102,"column":6},"end":{"line":107,"column":9}},"28":{"start":{"line":109,"column":6},"end":{"line":109,"column":26}},"29":{"start":{"line":111,"column":6},"end":{"line":111,"column":79}},"30":{"start":{"line":129,"column":18},"end":{"line":140,"column":6}},"31":{"start":{"line":142,"column":4},"end":{"line":144,"column":6}},"32":{"start":{"line":146,"column":4},"end":{"line":175,"column":5}},"33":{"start":{"line":147,"column":22},"end":{"line":147,"column":96}},"34":{"start":{"line":148,"column":18},"end":{"line":148,"column":59}},"35":{"start":{"line":149,"column":19},"end":{"line":149,"column":75}},"36":{"start":{"line":151,"column":20},"end":{"line":159,"column":8}},"37":{"start":{"line":161,"column":22},"end":{"line":161,"column":44}},"38":{"start":{"line":161,"column":39},"end":{"line":161,"column":43}},"39":{"start":{"line":162,"column":6},"end":{"line":174,"column":7}},"40":{"start":{"line":163,"column":8},"end":{"line":173,"column":10}},"41":{"start":{"line":169,"column":10},"end":{"line":171,"column":null}},"42":{"start":{"line":177,"column":4},"end":{"line":177,"column":17}},"43":{"start":{"line":191,"column":4},"end":{"line":213,"column":5}},"44":{"start":{"line":192,"column":27},"end":{"line":200,"column":8}},"45":{"start":{"line":202,"column":6},"end":{"line":207,"column":9}},"46":{"start":{"line":209,"column":6},"end":{"line":212,"column":8}},"47":{"start":{"line":7,"column":13},"end":{"line":7,"column":26}},"48":{"start":{"line":7,"column":13},"end":{"line":215,"column":null}}},"fnMap":{"0":{"name":"(anonymous_2)","decl":{"start":{"line":10,"column":2},"end":{"line":10,"column":null}},"loc":{"start":{"line":12,"column":53},"end":{"line":13,"column":6}}},"1":{"name":"(anonymous_3)","decl":{"start":{"line":23,"column":2},"end":{"line":23,"column":7}},"loc":{"start":{"line":23,"column":57},"end":{"line":50,"column":3}}},"2":{"name":"(anonymous_4)","decl":{"start":{"line":58,"column":2},"end":{"line":58,"column":7}},"loc":{"start":{"line":58,"column":26},"end":{"line":68,"column":3}}},"3":{"name":"(anonymous_5)","decl":{"start":{"line":79,"column":2},"end":{"line":79,"column":7}},"loc":{"start":{"line":79,"column":48},"end":{"line":113,"column":3}}},"4":{"name":"(anonymous_6)","decl":{"start":{"line":122,"column":2},"end":{"line":122,"column":7}},"loc":{"start":{"line":128,"column":3},"end":{"line":178,"column":3}}},"5":{"name":"(anonymous_7)","decl":{"start":{"line":161,"column":32},"end":{"line":161,"column":33}},"loc":{"start":{"line":161,"column":39},"end":{"line":161,"column":43}}},"6":{"name":"(anonymous_8)","decl":{"start":{"line":168,"column":17},"end":{"line":168,"column":18}},"loc":{"start":{"line":169,"column":10},"end":{"line":171,"column":null}}},"7":{"name":"(anonymous_9)","decl":{"start":{"line":187,"column":10},"end":{"line":187,"column":15}},"loc":{"start":{"line":189,"column":87},"end":{"line":214,"column":3}}}},"branchMap":{"0":{"loc":{"start":{"line":23,"column":37},"end":{"line":23,"column":45}},"type":"default-arg","locations":[{"start":{"line":23,"column":44},"end":{"line":23,"column":45}}]},"1":{"loc":{"start":{"line":23,"column":47},"end":{"line":23,"column":57}},"type":"default-arg","locations":[{"start":{"line":23,"column":55},"end":{"line":23,"column":57}}]},"2":{"loc":{"start":{"line":28,"column":10},"end":{"line":30,"column":8}},"type":"binary-expr","locations":[{"start":{"line":28,"column":10},"end":{"line":28,"column":20}},{"start":{"line":28,"column":24},"end":{"line":30,"column":8}}]},"3":{"loc":{"start":{"line":66,"column":4},"end":{"line":66,"column":63}},"type":"if","locations":[{"start":{"line":66,"column":4},"end":{"line":66,"column":63}}]},"4":{"loc":{"start":{"line":84,"column":4},"end":{"line":84,"column":73}},"type":"if","locations":[{"start":{"line":84,"column":4},"end":{"line":84,"column":73}}]},"5":{"loc":{"start":{"line":88,"column":4},"end":{"line":93,"column":5}},"type":"if","locations":[{"start":{"line":88,"column":4},"end":{"line":93,"column":5}}]},"6":{"loc":{"start":{"line":90,"column":6},"end":{"line":92,"column":7}},"type":"if","locations":[{"start":{"line":90,"column":6},"end":{"line":92,"column":7}}]},"7":{"loc":{"start":{"line":135,"column":19},"end":{"line":135,"column":41}},"type":"binary-expr","locations":[{"start":{"line":135,"column":19},"end":{"line":135,"column":32}},{"start":{"line":135,"column":36},"end":{"line":135,"column":41}}]},"8":{"loc":{"start":{"line":138,"column":21},"end":{"line":138,"column":41}},"type":"binary-expr","locations":[{"start":{"line":138,"column":21},"end":{"line":138,"column":32}},{"start":{"line":138,"column":36},"end":{"line":138,"column":41}}]},"9":{"loc":{"start":{"line":143,"column":53},"end":{"line":143,"column":73}},"type":"binary-expr","locations":[{"start":{"line":143,"column":53},"end":{"line":143,"column":64}},{"start":{"line":143,"column":68},"end":{"line":143,"column":73}}]},"10":{"loc":{"start":{"line":143,"column":90},"end":{"line":143,"column":113}},"type":"binary-expr","locations":[{"start":{"line":143,"column":90},"end":{"line":143,"column":104}},{"start":{"line":143,"column":108},"end":{"line":143,"column":113}}]},"11":{"loc":{"start":{"line":146,"column":4},"end":{"line":175,"column":5}},"type":"if","locations":[{"start":{"line":146,"column":4},"end":{"line":175,"column":5}}]},"12":{"loc":{"start":{"line":148,"column":18},"end":{"line":148,"column":59}},"type":"cond-expr","locations":[{"start":{"line":148,"column":33},"end":{"line":148,"column":54}},{"start":{"line":148,"column":57},"end":{"line":148,"column":59}}]},"13":{"loc":{"start":{"line":154,"column":14},"end":{"line":156,"column":16}},"type":"cond-expr","locations":[{"start":{"line":155,"column":14},"end":{"line":155,"column":56}},{"start":{"line":156,"column":14},"end":{"line":156,"column":16}}]},"14":{"loc":{"start":{"line":162,"column":6},"end":{"line":174,"column":7}},"type":"if","locations":[{"start":{"line":162,"column":6},"end":{"line":174,"column":7}}]},"15":{"loc":{"start":{"line":171,"column":12},"end":{"line":171,"column":60}},"type":"cond-expr","locations":[{"start":{"line":171,"column":35},"end":{"line":171,"column":46}},{"start":{"line":171,"column":49},"end":{"line":171,"column":60}}]},"16":{"loc":{"start":{"line":211,"column":8},"end":{"line":211,"column":56}},"type":"cond-expr","locations":[{"start":{"line":211,"column":31},"end":{"line":211,"column":42}},{"start":{"line":211,"column":45},"end":{"line":211,"column":56}}]},"17":{"loc":{"start":{"line":11,"column":20},"end":{"line":11,"column":null}},"type":"cond-expr","locations":[{"start":{"line":11,"column":33},"end":{"line":11,"column":null}},{"start":{"line":11,"column":33},"end":{"line":11,"column":null}}]},"18":{"loc":{"start":{"line":11,"column":20},"end":{"line":11,"column":33}},"type":"binary-expr","locations":[{"start":{"line":11,"column":20},"end":{"line":11,"column":null}},{"start":{"line":11,"column":20},"end":{"line":11,"column":33}}]},"19":{"loc":{"start":{"line":11,"column":33},"end":{"line":12,"column":null}},"type":"cond-expr","locations":[{"start":{"line":12,"column":53},"end":{"line":12,"column":null}},{"start":{"line":12,"column":53},"end":{"line":12,"column":null}}]},"20":{"loc":{"start":{"line":11,"column":33},"end":{"line":12,"column":53}},"type":"binary-expr","locations":[{"start":{"line":11,"column":33},"end":{"line":12,"column":null}},{"start":{"line":12,"column":24},"end":{"line":12,"column":53}}]}},"s":{"0":1,"1":1,"2":1,"3":1,"4":1,"5":12,"6":12,"7":12,"8":2,"9":2,"10":2,"11":2,"12":2,"13":2,"14":1,"15":1,"16":5,"17":5,"18":1,"19":4,"20":4,"21":2,"22":2,"23":1,"24":3,"25":3,"26":2,"27":2,"28":2,"29":1,"30":3,"31":3,"32":3,"33":2,"34":2,"35":2,"36":2,"37":2,"38":3,"39":2,"40":2,"41":0,"42":3,"43":2,"44":2,"45":2,"46":0,"47":1,"48":1},"f":{"0":12,"1":2,"2":2,"3":5,"4":3,"5":3,"6":0,"7":2},"b":{"0":[0],"1":[0],"2":[2,1],"3":[1],"4":[1],"5":[2],"6":[1],"7":[3,3],"8":[3,0],"9":[3,0],"10":[3,2],"11":[2],"12":[0,2],"13":[1,1],"14":[2],"15":[0,0],"16":[0,0],"17":[1,0],"18":[1,1],"19":[1,0],"20":[1,1]}}
,"/Users/rahulraogonda/Developer/github/tee-union/tee-union-api/src/fcm/fcm.service.ts": {"path":"/Users/rahulraogonda/Developer/github/tee-union/tee-union-api/src/fcm/fcm.service.ts","statementMap":{"0":{"start":{"line":1,"column":0},"end":{"line":1,"column":66}},"1":{"start":{"line":2,"column":0},"end":{"line":2,"column":47}},"2":{"start":{"line":3,"column":0},"end":{"line":3,"column":40}},"3":{"start":{"line":12,"column":23},"end":{"line":86,"column":null}},"4":{"start":{"line":13,"column":28},"end":{"line":13,"column":55}},"5":{"start":{"line":15,"column":20},"end":{"line":15,"column":25}},"6":{"start":{"line":17,"column":22},"end":{"line":17,"column":30}},"7":{"start":{"line":20,"column":24},"end":{"line":20,"column":70}},"8":{"start":{"line":21,"column":24},"end":{"line":21,"column":72}},"9":{"start":{"line":22,"column":24},"end":{"line":22,"column":71}},"10":{"start":{"line":24,"column":4},"end":{"line":30,"column":5}},"11":{"start":{"line":25,"column":6},"end":{"line":28,"column":8}},"12":{"start":{"line":29,"column":6},"end":{"line":29,"column":13}},"13":{"start":{"line":32,"column":4},"end":{"line":38,"column":7}},"14":{"start":{"line":40,"column":4},"end":{"line":40,"column":24}},"15":{"start":{"line":41,"column":4},"end":{"line":41,"column":56}},"16":{"start":{"line":45,"column":4},"end":{"line":45,"column":24}},"17":{"start":{"line":53,"column":4},"end":{"line":56,"column":5}},"18":{"start":{"line":54,"column":6},"end":{"line":54,"column":69}},"19":{"start":{"line":55,"column":6},"end":{"line":55,"column":19}},"20":{"start":{"line":57,"column":4},"end":{"line":57,"column":37}},"21":{"start":{"line":57,"column":24},"end":{"line":57,"column":37}},"22":{"start":{"line":59,"column":4},"end":{"line":84,"column":5}},"23":{"start":{"line":60,"column":56},"end":{"line":74,"column":8}},"24":{"start":{"line":76,"column":23},"end":{"line":76,"column":76}},"25":{"start":{"line":77,"column":6},"end":{"line":79,"column":8}},"26":{"start":{"line":80,"column":6},"end":{"line":80,"column":39}},"27":{"start":{"line":82,"column":6},"end":{"line":82,"column":48}},"28":{"start":{"line":83,"column":6},"end":{"line":83,"column":19}},"29":{"start":{"line":12,"column":13},"end":{"line":12,"column":23}},"30":{"start":{"line":12,"column":13},"end":{"line":86,"column":null}}},"fnMap":{"0":{"name":"(anonymous_11)","decl":{"start":{"line":17,"column":2},"end":{"line":17,"column":22}},"loc":{"start":{"line":17,"column":43},"end":{"line":17,"column":47}}},"1":{"name":"(anonymous_12)","decl":{"start":{"line":19,"column":2},"end":{"line":19,"column":14}},"loc":{"start":{"line":19,"column":14},"end":{"line":42,"column":3}}},"2":{"name":"(anonymous_13)","decl":{"start":{"line":44,"column":2},"end":{"line":44,"column":11}},"loc":{"start":{"line":44,"column":11},"end":{"line":46,"column":3}}},"3":{"name":"(anonymous_14)","decl":{"start":{"line":52,"column":2},"end":{"line":52,"column":7}},"loc":{"start":{"line":52,"column":58},"end":{"line":85,"column":3}}}},"branchMap":{"0":{"loc":{"start":{"line":24,"column":4},"end":{"line":30,"column":5}},"type":"if","locations":[{"start":{"line":24,"column":4},"end":{"line":30,"column":5}}]},"1":{"loc":{"start":{"line":24,"column":8},"end":{"line":24,"column":49}},"type":"binary-expr","locations":[{"start":{"line":24,"column":8},"end":{"line":24,"column":18}},{"start":{"line":24,"column":22},"end":{"line":24,"column":34}},{"start":{"line":24,"column":38},"end":{"line":24,"column":49}}]},"2":{"loc":{"start":{"line":53,"column":4},"end":{"line":56,"column":5}},"type":"if","locations":[{"start":{"line":53,"column":4},"end":{"line":56,"column":5}}]},"3":{"loc":{"start":{"line":57,"column":4},"end":{"line":57,"column":37}},"type":"if","locations":[{"start":{"line":57,"column":4},"end":{"line":57,"column":37}}]},"4":{"loc":{"start":{"line":66,"column":14},"end":{"line":66,"column":32}},"type":"binary-expr","locations":[{"start":{"line":66,"column":14},"end":{"line":66,"column":26}},{"start":{"line":66,"column":30},"end":{"line":66,"column":32}}]},"5":{"loc":{"start":{"line":17,"column":30},"end":{"line":17,"column":46}},"type":"cond-expr","locations":[{"start":{"line":17,"column":43},"end":{"line":17,"column":46}},{"start":{"line":17,"column":43},"end":{"line":17,"column":46}}]},"6":{"loc":{"start":{"line":17,"column":30},"end":{"line":17,"column":43}},"type":"binary-expr","locations":[{"start":{"line":17,"column":30},"end":{"line":17,"column":46}},{"start":{"line":17,"column":30},"end":{"line":17,"column":43}}]}},"s":{"0":6,"1":6,"2":6,"3":6,"4":9,"5":9,"6":9,"7":8,"8":8,"9":8,"10":8,"11":3,"12":3,"13":5,"14":5,"15":5,"16":4,"17":5,"18":1,"19":1,"20":4,"21":1,"22":3,"23":3,"24":3,"25":2,"26":2,"27":1,"28":1,"29":6,"30":6},"f":{"0":9,"1":8,"2":4,"3":5},"b":{"0":[3],"1":[8,6,5],"2":[1],"3":[1],"4":[3,3],"5":[6,0],"6":[6,6]}}
,"/Users/rahulraogonda/Developer/github/tee-union/tee-union-api/src/members/members.service.ts": {"path":"/Users/rahulraogonda/Developer/github/tee-union/tee-union-api/src/members/members.service.ts","statementMap":{"0":{"start":{"line":1,"column":0},"end":{"line":1,"column":71}},"1":{"start":{"line":3,"column":0},"end":{"line":3,"column":57}},"2":{"start":{"line":6,"column":27},"end":{"line":169,"column":null}},"3":{"start":{"line":7,"column":28},"end":{"line":7,"column":59}},"4":{"start":{"line":9,"column":22},"end":{"line":9,"column":30}},"5":{"start":{"line":22,"column":4},"end":{"line":22,"column":64}},"6":{"start":{"line":24,"column":19},"end":{"line":33,"column":6}},"7":{"start":{"line":35,"column":4},"end":{"line":38,"column":5}},"8":{"start":{"line":36,"column":6},"end":{"line":36,"column":73}},"9":{"start":{"line":37,"column":6},"end":{"line":37,"column":62}},"10":{"start":{"line":40,"column":4},"end":{"line":40,"column":18}},"11":{"start":{"line":60,"column":86},"end":{"line":60,"column":93}},"12":{"start":{"line":61,"column":17},"end":{"line":61,"column":35}},"13":{"start":{"line":63,"column":4},"end":{"line":67,"column":6}},"14":{"start":{"line":69,"column":18},"end":{"line":74,"column":6}},"15":{"start":{"line":76,"column":26},"end":{"line":90,"column":6}},"16":{"start":{"line":92,"column":4},"end":{"line":92,"column":78}},"17":{"start":{"line":105,"column":4},"end":{"line":105,"column":54}},"18":{"start":{"line":107,"column":19},"end":{"line":123,"column":6}},"19":{"start":{"line":125,"column":4},"end":{"line":128,"column":5}},"20":{"start":{"line":126,"column":6},"end":{"line":126,"column":55}},"21":{"start":{"line":127,"column":6},"end":{"line":127,"column":60}},"22":{"start":{"line":130,"column":4},"end":{"line":130,"column":18}},"23":{"start":{"line":154,"column":19},"end":{"line":154,"column":77}},"24":{"start":{"line":156,"column":4},"end":{"line":159,"column":5}},"25":{"start":{"line":157,"column":6},"end":{"line":157,"column":89}},"26":{"start":{"line":158,"column":6},"end":{"line":158,"column":62}},"27":{"start":{"line":161,"column":19},"end":{"line":161,"column":82}},"28":{"start":{"line":161,"column":52},"end":{"line":161,"column":81}},"29":{"start":{"line":162,"column":4},"end":{"line":162,"column":92}},"30":{"start":{"line":164,"column":4},"end":{"line":167,"column":7}},"31":{"start":{"line":6,"column":13},"end":{"line":6,"column":27}},"32":{"start":{"line":6,"column":13},"end":{"line":169,"column":null}}},"fnMap":{"0":{"name":"(anonymous_2)","decl":{"start":{"line":9,"column":2},"end":{"line":9,"column":22}},"loc":{"start":{"line":9,"column":43},"end":{"line":9,"column":47}}},"1":{"name":"(anonymous_3)","decl":{"start":{"line":21,"column":2},"end":{"line":21,"column":7}},"loc":{"start":{"line":21,"column":35},"end":{"line":41,"column":3}}},"2":{"name":"(anonymous_4)","decl":{"start":{"line":52,"column":2},"end":{"line":52,"column":7}},"loc":{"start":{"line":59,"column":3},"end":{"line":93,"column":3}}},"3":{"name":"(anonymous_5)","decl":{"start":{"line":104,"column":2},"end":{"line":104,"column":7}},"loc":{"start":{"line":104,"column":26},"end":{"line":131,"column":3}}},"4":{"name":"(anonymous_6)","decl":{"start":{"line":144,"column":2},"end":{"line":144,"column":7}},"loc":{"start":{"line":152,"column":5},"end":{"line":168,"column":3}}},"5":{"name":"(anonymous_7)","decl":{"start":{"line":161,"column":44},"end":{"line":161,"column":45}},"loc":{"start":{"line":161,"column":52},"end":{"line":161,"column":81}}}},"branchMap":{"0":{"loc":{"start":{"line":35,"column":4},"end":{"line":38,"column":5}},"type":"if","locations":[{"start":{"line":35,"column":4},"end":{"line":38,"column":5}}]},"1":{"loc":{"start":{"line":60,"column":61},"end":{"line":60,"column":69}},"type":"default-arg","locations":[{"start":{"line":60,"column":68},"end":{"line":60,"column":69}}]},"2":{"loc":{"start":{"line":60,"column":71},"end":{"line":60,"column":81}},"type":"default-arg","locations":[{"start":{"line":60,"column":79},"end":{"line":60,"column":81}}]},"3":{"loc":{"start":{"line":65,"column":9},"end":{"line":65,"column":56}},"type":"cond-expr","locations":[{"start":{"line":65,"column":22},"end":{"line":65,"column":51}},{"start":{"line":65,"column":54},"end":{"line":65,"column":56}}]},"4":{"loc":{"start":{"line":66,"column":9},"end":{"line":66,"column":56}},"type":"cond-expr","locations":[{"start":{"line":66,"column":22},"end":{"line":66,"column":51}},{"start":{"line":66,"column":54},"end":{"line":66,"column":56}}]},"5":{"loc":{"start":{"line":70,"column":10},"end":{"line":70,"column":38}},"type":"binary-expr","locations":[{"start":{"line":70,"column":10},"end":{"line":70,"column":20}},{"start":{"line":70,"column":24},"end":{"line":70,"column":38}}]},"6":{"loc":{"start":{"line":71,"column":10},"end":{"line":71,"column":38}},"type":"binary-expr","locations":[{"start":{"line":71,"column":10},"end":{"line":71,"column":20}},{"start":{"line":71,"column":24},"end":{"line":71,"column":38}}]},"7":{"loc":{"start":{"line":72,"column":10},"end":{"line":72,"column":44}},"type":"binary-expr","locations":[{"start":{"line":72,"column":10},"end":{"line":72,"column":23}},{"start":{"line":72,"column":27},"end":{"line":72,"column":44}}]},"8":{"loc":{"start":{"line":73,"column":10},"end":{"line":73,"column":48}},"type":"binary-expr","locations":[{"start":{"line":73,"column":10},"end":{"line":73,"column":32}},{"start":{"line":73,"column":36},"end":{"line":73,"column":48}}]},"9":{"loc":{"start":{"line":125,"column":4},"end":{"line":128,"column":5}},"type":"if","locations":[{"start":{"line":125,"column":4},"end":{"line":128,"column":5}}]},"10":{"loc":{"start":{"line":156,"column":4},"end":{"line":159,"column":5}},"type":"if","locations":[{"start":{"line":156,"column":4},"end":{"line":159,"column":5}}]},"11":{"loc":{"start":{"line":9,"column":30},"end":{"line":9,"column":46}},"type":"cond-expr","locations":[{"start":{"line":9,"column":43},"end":{"line":9,"column":46}},{"start":{"line":9,"column":43},"end":{"line":9,"column":46}}]},"12":{"loc":{"start":{"line":9,"column":30},"end":{"line":9,"column":43}},"type":"binary-expr","locations":[{"start":{"line":9,"column":30},"end":{"line":9,"column":46}},{"start":{"line":9,"column":30},"end":{"line":9,"column":43}}]}},"s":{"0":1,"1":1,"2":1,"3":9,"4":9,"5":2,"6":2,"7":2,"8":1,"9":1,"10":1,"11":3,"12":3,"13":3,"14":3,"15":3,"16":3,"17":2,"18":2,"19":2,"20":1,"21":1,"22":1,"23":2,"24":2,"25":1,"26":1,"27":1,"28":1,"29":1,"30":1,"31":1,"32":1},"f":{"0":9,"1":2,"2":3,"3":2,"4":2,"5":1},"b":{"0":[1],"1":[1],"2":[1],"3":[1,2],"4":[0,3],"5":[3,1],"6":[3,0],"7":[3,0],"8":[3,0],"9":[1],"10":[1],"11":[1,0],"12":[1,1]}}
,"/Users/rahulraogonda/Developer/github/tee-union/tee-union-api/src/news/news.service.ts": {"path":"/Users/rahulraogonda/Developer/github/tee-union/tee-union-api/src/news/news.service.ts","statementMap":{"0":{"start":{"line":1,"column":0},"end":{"line":1,"column":71}},"1":{"start":{"line":2,"column":0},"end":{"line":2,"column":57}},"2":{"start":{"line":3,"column":0},"end":{"line":3,"column":97}},"3":{"start":{"line":4,"column":0},"end":{"line":4,"column":50}},"4":{"start":{"line":7,"column":24},"end":{"line":145,"column":null}},"5":{"start":{"line":8,"column":28},"end":{"line":8,"column":56}},"6":{"start":{"line":11,"column":12},"end":{"line":11,"column":20}},"7":{"start":{"line":12,"column":12},"end":{"line":12,"column":24}},"8":{"start":{"line":22,"column":17},"end":{"line":22,"column":35}},"9":{"start":{"line":23,"column":26},"end":{"line":35,"column":6}},"10":{"start":{"line":36,"column":4},"end":{"line":36,"column":78}},"11":{"start":{"line":46,"column":17},"end":{"line":48,"column":6}},"12":{"start":{"line":49,"column":4},"end":{"line":49,"column":69}},"13":{"start":{"line":49,"column":15},"end":{"line":49,"column":69}},"14":{"start":{"line":50,"column":4},"end":{"line":50,"column":16}},"15":{"start":{"line":65,"column":17},"end":{"line":75,"column":6}},"16":{"start":{"line":77,"column":4},"end":{"line":79,"column":6}},"17":{"start":{"line":81,"column":4},"end":{"line":87,"column":5}},"18":{"start":{"line":82,"column":6},"end":{"line":86,"column":8}},"19":{"start":{"line":89,"column":4},"end":{"line":89,"column":16}},"20":{"start":{"line":98,"column":17},"end":{"line":101,"column":6}},"21":{"start":{"line":103,"column":4},"end":{"line":103,"column":63}},"22":{"start":{"line":105,"column":4},"end":{"line":109,"column":6}},"23":{"start":{"line":125,"column":4},"end":{"line":143,"column":5}},"24":{"start":{"line":126,"column":20},"end":{"line":129,"column":8}},"25":{"start":{"line":131,"column":22},"end":{"line":131,"column":44}},"26":{"start":{"line":131,"column":39},"end":{"line":131,"column":43}},"27":{"start":{"line":132,"column":6},"end":{"line":132,"column":39}},"28":{"start":{"line":132,"column":32},"end":{"line":132,"column":39}},"29":{"start":{"line":134,"column":6},"end":{"line":137,"column":9}},"30":{"start":{"line":139,"column":6},"end":{"line":142,"column":8}},"31":{"start":{"line":7,"column":13},"end":{"line":7,"column":24}},"32":{"start":{"line":7,"column":13},"end":{"line":145,"column":null}}},"fnMap":{"0":{"name":"(anonymous_2)","decl":{"start":{"line":10,"column":2},"end":{"line":10,"column":null}},"loc":{"start":{"line":12,"column":53},"end":{"line":13,"column":6}}},"1":{"name":"(anonymous_3)","decl":{"start":{"line":21,"column":2},"end":{"line":21,"column":7}},"loc":{"start":{"line":21,"column":36},"end":{"line":37,"column":3}}},"2":{"name":"(anonymous_4)","decl":{"start":{"line":45,"column":2},"end":{"line":45,"column":7}},"loc":{"start":{"line":45,"column":26},"end":{"line":51,"column":3}}},"3":{"name":"(anonymous_5)","decl":{"start":{"line":60,"column":2},"end":{"line":60,"column":7}},"loc":{"start":{"line":64,"column":3},"end":{"line":90,"column":3}}},"4":{"name":"(anonymous_6)","decl":{"start":{"line":97,"column":2},"end":{"line":97,"column":7}},"loc":{"start":{"line":97,"column":26},"end":{"line":110,"column":3}}},"5":{"name":"(anonymous_7)","decl":{"start":{"line":120,"column":10},"end":{"line":120,"column":15}},"loc":{"start":{"line":123,"column":16},"end":{"line":144,"column":3}}},"6":{"name":"(anonymous_8)","decl":{"start":{"line":131,"column":32},"end":{"line":131,"column":33}},"loc":{"start":{"line":131,"column":39},"end":{"line":131,"column":43}}}},"branchMap":{"0":{"loc":{"start":{"line":21,"column":16},"end":{"line":21,"column":24}},"type":"default-arg","locations":[{"start":{"line":21,"column":23},"end":{"line":21,"column":24}}]},"1":{"loc":{"start":{"line":21,"column":26},"end":{"line":21,"column":36}},"type":"default-arg","locations":[{"start":{"line":21,"column":34},"end":{"line":21,"column":36}}]},"2":{"loc":{"start":{"line":49,"column":4},"end":{"line":49,"column":69}},"type":"if","locations":[{"start":{"line":49,"column":4},"end":{"line":49,"column":69}}]},"3":{"loc":{"start":{"line":72,"column":21},"end":{"line":72,"column":41}},"type":"binary-expr","locations":[{"start":{"line":72,"column":21},"end":{"line":72,"column":32}},{"start":{"line":72,"column":36},"end":{"line":72,"column":41}}]},"4":{"loc":{"start":{"line":73,"column":21},"end":{"line":73,"column":52}},"type":"cond-expr","locations":[{"start":{"line":73,"column":35},"end":{"line":73,"column":45}},{"start":{"line":73,"column":48},"end":{"line":73,"column":52}}]},"5":{"loc":{"start":{"line":78,"column":59},"end":{"line":78,"column":79}},"type":"binary-expr","locations":[{"start":{"line":78,"column":59},"end":{"line":78,"column":70}},{"start":{"line":78,"column":74},"end":{"line":78,"column":79}}]},"6":{"loc":{"start":{"line":81,"column":4},"end":{"line":87,"column":5}},"type":"if","locations":[{"start":{"line":81,"column":4},"end":{"line":87,"column":5}}]},"7":{"loc":{"start":{"line":132,"column":6},"end":{"line":132,"column":39}},"type":"if","locations":[{"start":{"line":132,"column":6},"end":{"line":132,"column":39}}]},"8":{"loc":{"start":{"line":141,"column":8},"end":{"line":141,"column":56}},"type":"cond-expr","locations":[{"start":{"line":141,"column":31},"end":{"line":141,"column":42}},{"start":{"line":141,"column":45},"end":{"line":141,"column":56}}]},"9":{"loc":{"start":{"line":11,"column":20},"end":{"line":11,"column":null}},"type":"cond-expr","locations":[{"start":{"line":11,"column":33},"end":{"line":11,"column":null}},{"start":{"line":11,"column":33},"end":{"line":11,"column":null}}]},"10":{"loc":{"start":{"line":11,"column":20},"end":{"line":11,"column":33}},"type":"binary-expr","locations":[{"start":{"line":11,"column":20},"end":{"line":11,"column":null}},{"start":{"line":11,"column":20},"end":{"line":11,"column":33}}]},"11":{"loc":{"start":{"line":11,"column":33},"end":{"line":12,"column":null}},"type":"cond-expr","locations":[{"start":{"line":12,"column":53},"end":{"line":12,"column":null}},{"start":{"line":12,"column":53},"end":{"line":12,"column":null}}]},"12":{"loc":{"start":{"line":11,"column":33},"end":{"line":12,"column":53}},"type":"binary-expr","locations":[{"start":{"line":11,"column":33},"end":{"line":12,"column":null}},{"start":{"line":12,"column":24},"end":{"line":12,"column":53}}]}},"s":{"0":1,"1":1,"2":1,"3":1,"4":1,"5":8,"6":8,"7":8,"8":2,"9":2,"10":2,"11":2,"12":2,"13":1,"14":1,"15":3,"16":3,"17":3,"18":2,"19":3,"20":1,"21":1,"22":1,"23":3,"24":3,"25":3,"26":3,"27":3,"28":1,"29":2,"30":0,"31":1,"32":1},"f":{"0":8,"1":2,"2":2,"3":3,"4":1,"5":3,"6":3},"b":{"0":[0],"1":[0],"2":[1],"3":[3,0],"4":[2,1],"5":[3,0],"6":[2],"7":[1],"8":[0,0],"9":[1,0],"10":[1,1],"11":[1,0],"12":[1,1]}}
,"/Users/rahulraogonda/Developer/github/tee-union/tee-union-api/src/notifications/notification-dispatcher.service.ts": {"path":"/Users/rahulraogonda/Developer/github/tee-union/tee-union-api/src/notifications/notification-dispatcher.service.ts","statementMap":{"0":{"start":{"line":1,"column":0},"end":{"line":1,"column":52}},"1":{"start":{"line":2,"column":0},"end":{"line":2,"column":43}},"2":{"start":{"line":4,"column":0},"end":{"line":4,"column":57}},"3":{"start":{"line":5,"column":0},"end":{"line":5,"column":48}},"4":{"start":{"line":6,"column":0},"end":{"line":6,"column":63}},"5":{"start":{"line":7,"column":0},"end":{"line":7,"column":48}},"6":{"start":{"line":8,"column":0},"end":{"line":8,"column":50}},"7":{"start":{"line":10,"column":13},"end":{"line":10,"column":50}},"8":{"start":{"line":11,"column":13},"end":{"line":11,"column":57}},"9":{"start":{"line":12,"column":13},"end":{"line":12,"column":47}},"10":{"start":{"line":25,"column":42},"end":{"line":168,"column":null}},"11":{"start":{"line":26,"column":28},"end":{"line":26,"column":74}},"12":{"start":{"line":28,"column":39},"end":{"line":28,"column":52}},"13":{"start":{"line":29,"column":34},"end":{"line":29,"column":48}},"14":{"start":{"line":32,"column":12},"end":{"line":32,"column":20}},"15":{"start":{"line":33,"column":12},"end":{"line":33,"column":17}},"16":{"start":{"line":34,"column":12},"end":{"line":34,"column":22}},"17":{"start":{"line":35,"column":12},"end":{"line":35,"column":17}},"18":{"start":{"line":36,"column":45},"end":{"line":36,"column":57}},"19":{"start":{"line":40,"column":80},"end":{"line":40,"column":87}},"20":{"start":{"line":42,"column":4},"end":{"line":46,"column":6}},"21":{"start":{"line":48,"column":17},"end":{"line":58,"column":6}},"22":{"start":{"line":60,"column":4},"end":{"line":63,"column":5}},"23":{"start":{"line":61,"column":6},"end":{"line":61,"column":75}},"24":{"start":{"line":62,"column":6},"end":{"line":62,"column":13}},"25":{"start":{"line":65,"column":22},"end":{"line":65,"column":59}},"26":{"start":{"line":65,"column":50},"end":{"line":65,"column":58}},"27":{"start":{"line":67,"column":18},"end":{"line":67,"column":23}},"28":{"start":{"line":68,"column":4},"end":{"line":74,"column":5}},"29":{"start":{"line":69,"column":6},"end":{"line":73,"column":9}},"30":{"start":{"line":76,"column":23},"end":{"line":76,"column":28}},"31":{"start":{"line":77,"column":4},"end":{"line":79,"column":5}},"32":{"start":{"line":78,"column":6},"end":{"line":78,"column":92}},"33":{"start":{"line":81,"column":4},"end":{"line":88,"column":7}},"34":{"start":{"line":90,"column":4},"end":{"line":97,"column":5}},"35":{"start":{"line":91,"column":20},"end":{"line":91,"column":57}},"36":{"start":{"line":92,"column":6},"end":{"line":96,"column":8}},"37":{"start":{"line":99,"column":4},"end":{"line":105,"column":5}},"38":{"start":{"line":100,"column":6},"end":{"line":104,"column":8}},"39":{"start":{"line":120,"column":62},"end":{"line":120,"column":75}},"40":{"start":{"line":122,"column":4},"end":{"line":122,"column":74}},"41":{"start":{"line":124,"column":26},"end":{"line":134,"column":6}},"42":{"start":{"line":125,"column":34},"end":{"line":133,"column":8}},"43":{"start":{"line":136,"column":18},"end":{"line":136,"column":20}},"44":{"start":{"line":137,"column":4},"end":{"line":152,"column":5}},"45":{"start":{"line":137,"column":17},"end":{"line":137,"column":18}},"46":{"start":{"line":138,"column":20},"end":{"line":138,"column":53}},"47":{"start":{"line":139,"column":6},"end":{"line":151,"column":8}},"48":{"start":{"line":141,"column":10},"end":{"line":149,"column":12}},"49":{"start":{"line":156,"column":4},"end":{"line":159,"column":7}},"50":{"start":{"line":161,"column":17},"end":{"line":161,"column":65}},"51":{"start":{"line":162,"column":4},"end":{"line":166,"column":5}},"52":{"start":{"line":163,"column":6},"end":{"line":165,"column":7}},"53":{"start":{"line":164,"column":8},"end":{"line":164,"column":27}},"54":{"start":{"line":25,"column":13},"end":{"line":25,"column":42}},"55":{"start":{"line":25,"column":13},"end":{"line":168,"column":null}}},"fnMap":{"0":{"name":"(anonymous_4)","decl":{"start":{"line":31,"column":2},"end":{"line":31,"column":null}},"loc":{"start":{"line":36,"column":57},"end":{"line":37,"column":6}}},"1":{"name":"(anonymous_5)","decl":{"start":{"line":39,"column":2},"end":{"line":39,"column":7}},"loc":{"start":{"line":39,"column":41},"end":{"line":106,"column":3}}},"2":{"name":"(anonymous_6)","decl":{"start":{"line":65,"column":42},"end":{"line":65,"column":43}},"loc":{"start":{"line":65,"column":50},"end":{"line":65,"column":58}}},"3":{"name":"(anonymous_7)","decl":{"start":{"line":108,"column":2},"end":{"line":108,"column":7}},"loc":{"start":{"line":118,"column":5},"end":{"line":153,"column":3}}},"4":{"name":"(anonymous_8)","decl":{"start":{"line":125,"column":24},"end":{"line":125,"column":25}},"loc":{"start":{"line":125,"column":34},"end":{"line":133,"column":8}}},"5":{"name":"(anonymous_9)","decl":{"start":{"line":140,"column":18},"end":{"line":140,"column":19}},"loc":{"start":{"line":141,"column":10},"end":{"line":149,"column":12}}},"6":{"name":"(anonymous_10)","decl":{"start":{"line":155,"column":2},"end":{"line":155,"column":7}},"loc":{"start":{"line":155,"column":39},"end":{"line":167,"column":3}}}},"branchMap":{"0":{"loc":{"start":{"line":44,"column":9},"end":{"line":44,"column":36}},"type":"cond-expr","locations":[{"start":{"line":44,"column":20},"end":{"line":44,"column":31}},{"start":{"line":44,"column":34},"end":{"line":44,"column":36}}]},"1":{"loc":{"start":{"line":45,"column":9},"end":{"line":45,"column":40}},"type":"cond-expr","locations":[{"start":{"line":45,"column":22},"end":{"line":45,"column":35}},{"start":{"line":45,"column":38},"end":{"line":45,"column":40}}]},"2":{"loc":{"start":{"line":60,"column":4},"end":{"line":63,"column":5}},"type":"if","locations":[{"start":{"line":60,"column":4},"end":{"line":63,"column":5}}]},"3":{"loc":{"start":{"line":68,"column":4},"end":{"line":74,"column":5}},"type":"if","locations":[{"start":{"line":68,"column":4},"end":{"line":74,"column":5}}]},"4":{"loc":{"start":{"line":72,"column":36},"end":{"line":72,"column":46}},"type":"binary-expr","locations":[{"start":{"line":72,"column":36},"end":{"line":72,"column":40}},{"start":{"line":72,"column":44},"end":{"line":72,"column":46}}]},"5":{"loc":{"start":{"line":77,"column":4},"end":{"line":79,"column":5}},"type":"if","locations":[{"start":{"line":77,"column":4},"end":{"line":79,"column":5}}]},"6":{"loc":{"start":{"line":77,"column":8},"end":{"line":77,"column":68}},"type":"binary-expr","locations":[{"start":{"line":77,"column":8},"end":{"line":77,"column":16}},{"start":{"line":77,"column":20},"end":{"line":77,"column":39}},{"start":{"line":77,"column":43},"end":{"line":77,"column":68}}]},"7":{"loc":{"start":{"line":86,"column":22},"end":{"line":86,"column":44}},"type":"cond-expr","locations":[{"start":{"line":86,"column":32},"end":{"line":86,"column":37}},{"start":{"line":86,"column":40},"end":{"line":86,"column":44}}]},"8":{"loc":{"start":{"line":90,"column":4},"end":{"line":97,"column":5}},"type":"if","locations":[{"start":{"line":90,"column":4},"end":{"line":97,"column":5}}]},"9":{"loc":{"start":{"line":90,"column":8},"end":{"line":90,"column":73}},"type":"binary-expr","locations":[{"start":{"line":90,"column":8},"end":{"line":90,"column":21}},{"start":{"line":90,"column":25},"end":{"line":90,"column":44}},{"start":{"line":90,"column":48},"end":{"line":90,"column":73}}]},"10":{"loc":{"start":{"line":91,"column":20},"end":{"line":91,"column":57}},"type":"cond-expr","locations":[{"start":{"line":91,"column":31},"end":{"line":91,"column":32}},{"start":{"line":91,"column":35},"end":{"line":91,"column":57}}]},"11":{"loc":{"start":{"line":99,"column":4},"end":{"line":105,"column":5}},"type":"if","locations":[{"start":{"line":99,"column":4},"end":{"line":105,"column":5}}]},"12":{"loc":{"start":{"line":99,"column":8},"end":{"line":99,"column":59}},"type":"binary-expr","locations":[{"start":{"line":99,"column":8},"end":{"line":99,"column":18}},{"start":{"line":99,"column":22},"end":{"line":99,"column":42}},{"start":{"line":99,"column":46},"end":{"line":99,"column":59}}]},"13":{"loc":{"start":{"line":120,"column":62},"end":{"line":120,"column":75}},"type":"binary-expr","locations":[{"start":{"line":120,"column":62},"end":{"line":120,"column":69}},{"start":{"line":120,"column":73},"end":{"line":120,"column":75}}]},"14":{"loc":{"start":{"line":127,"column":14},"end":{"line":127,"column":45}},"type":"binary-expr","locations":[{"start":{"line":127,"column":14},"end":{"line":127,"column":18}},{"start":{"line":127,"column":22},"end":{"line":127,"column":45}}]},"15":{"loc":{"start":{"line":130,"column":21},"end":{"line":130,"column":40}},"type":"binary-expr","locations":[{"start":{"line":130,"column":21},"end":{"line":130,"column":32}},{"start":{"line":130,"column":36},"end":{"line":130,"column":40}}]},"16":{"loc":{"start":{"line":131,"column":18},"end":{"line":131,"column":35}},"type":"binary-expr","locations":[{"start":{"line":131,"column":18},"end":{"line":131,"column":26}},{"start":{"line":131,"column":30},"end":{"line":131,"column":35}}]},"17":{"loc":{"start":{"line":132,"column":20},"end":{"line":132,"column":39}},"type":"binary-expr","locations":[{"start":{"line":132,"column":20},"end":{"line":132,"column":30}},{"start":{"line":132,"column":34},"end":{"line":132,"column":39}}]},"18":{"loc":{"start":{"line":163,"column":6},"end":{"line":165,"column":7}},"type":"if","locations":[{"start":{"line":163,"column":6},"end":{"line":165,"column":7}}]},"19":{"loc":{"start":{"line":32,"column":20},"end":{"line":32,"column":null}},"type":"cond-expr","locations":[{"start":{"line":32,"column":33},"end":{"line":32,"column":null}},{"start":{"line":32,"column":33},"end":{"line":32,"column":null}}]},"20":{"loc":{"start":{"line":32,"column":20},"end":{"line":32,"column":33}},"type":"binary-expr","locations":[{"start":{"line":32,"column":20},"end":{"line":32,"column":null}},{"start":{"line":32,"column":20},"end":{"line":32,"column":33}}]},"21":{"loc":{"start":{"line":32,"column":33},"end":{"line":33,"column":null}},"type":"cond-expr","locations":[{"start":{"line":33,"column":27},"end":{"line":33,"column":null}},{"start":{"line":33,"column":27},"end":{"line":33,"column":null}}]},"22":{"loc":{"start":{"line":32,"column":33},"end":{"line":33,"column":27}},"type":"binary-expr","locations":[{"start":{"line":32,"column":33},"end":{"line":33,"column":null}},{"start":{"line":33,"column":17},"end":{"line":33,"column":27}}]},"23":{"loc":{"start":{"line":33,"column":27},"end":{"line":34,"column":null}},"type":"cond-expr","locations":[{"start":{"line":34,"column":37},"end":{"line":34,"column":null}},{"start":{"line":34,"column":37},"end":{"line":34,"column":null}}]},"24":{"loc":{"start":{"line":33,"column":27},"end":{"line":34,"column":37}},"type":"binary-expr","locations":[{"start":{"line":33,"column":27},"end":{"line":34,"column":null}},{"start":{"line":34,"column":22},"end":{"line":34,"column":37}}]},"25":{"loc":{"start":{"line":34,"column":37},"end":{"line":35,"column":null}},"type":"cond-expr","locations":[{"start":{"line":35,"column":27},"end":{"line":35,"column":null}},{"start":{"line":35,"column":27},"end":{"line":35,"column":null}}]},"26":{"loc":{"start":{"line":34,"column":37},"end":{"line":35,"column":27}},"type":"binary-expr","locations":[{"start":{"line":34,"column":37},"end":{"line":35,"column":null}},{"start":{"line":35,"column":17},"end":{"line":35,"column":27}}]}},"s":{"0":5,"1":5,"2":5,"3":5,"4":5,"5":5,"6":5,"7":5,"8":5,"9":5,"10":5,"11":10,"12":10,"13":10,"14":10,"15":10,"16":10,"17":10,"18":10,"19":9,"20":9,"21":9,"22":9,"23":1,"24":1,"25":8,"26":5,"27":8,"28":8,"29":5,"30":8,"31":8,"32":1,"33":8,"34":8,"35":1,"36":1,"37":8,"38":1,"39":1,"40":1,"41":1,"42":2,"43":1,"44":1,"45":1,"46":1,"47":1,"48":2,"49":2,"50":2,"51":2,"52":2,"53":1,"54":5,"55":5},"f":{"0":10,"1":9,"2":5,"3":1,"4":2,"5":2,"6":2},"b":{"0":[1,8],"1":[1,8],"2":[1],"3":[5],"4":[5,5],"5":[1],"6":[8,1,1],"7":[5,3],"8":[1],"9":[8,7,1],"10":[0,1],"11":[1],"12":[8,1,1],"13":[1,0],"14":[2,0],"15":[2,2],"16":[2,2],"17":[2,2],"18":[1],"19":[5,0],"20":[5,5],"21":[5,0],"22":[5,5],"23":[5,0],"24":[5,5],"25":[5,0],"26":[5,5]}}
,"/Users/rahulraogonda/Developer/github/tee-union/tee-union-api/src/notifications/notification-processor.service.ts": {"path":"/Users/rahulraogonda/Developer/github/tee-union/tee-union-api/src/notifications/notification-processor.service.ts","statementMap":{"0":{"start":{"line":1,"column":0},"end":{"line":1,"column":50}},"1":{"start":{"line":2,"column":0},"end":{"line":2,"column":40}},"2":{"start":{"line":4,"column":0},"end":{"line":4,"column":57}},"3":{"start":{"line":5,"column":0},"end":{"line":5,"column":63}},"4":{"start":{"line":6,"column":0},"end":{"line":6,"column":48}},"5":{"start":{"line":7,"column":0},"end":{"line":7,"column":null}},"6":{"start":{"line":30,"column":41},"end":{"line":93,"column":null}},"7":{"start":{"line":31,"column":28},"end":{"line":31,"column":73}},"8":{"start":{"line":34,"column":12},"end":{"line":34,"column":20}},"9":{"start":{"line":35,"column":12},"end":{"line":35,"column":22}},"10":{"start":{"line":36,"column":12},"end":{"line":36,"column":17}},"11":{"start":{"line":41,"column":52},"end":{"line":41,"column":60}},"12":{"start":{"line":43,"column":4},"end":{"line":43,"column":87}},"13":{"start":{"line":45,"column":25},"end":{"line":48,"column":6}},"14":{"start":{"line":50,"column":4},"end":{"line":53,"column":5}},"15":{"start":{"line":51,"column":6},"end":{"line":51,"column":99}},"16":{"start":{"line":52,"column":6},"end":{"line":52,"column":13}},"17":{"start":{"line":55,"column":17},"end":{"line":55,"column":82}},"18":{"start":{"line":57,"column":4},"end":{"line":63,"column":5}},"19":{"start":{"line":58,"column":6},"end":{"line":61,"column":9}},"20":{"start":{"line":62,"column":6},"end":{"line":62,"column":83}},"21":{"start":{"line":68,"column":51},"end":{"line":68,"column":59}},"22":{"start":{"line":70,"column":4},"end":{"line":70,"column":82}},"23":{"start":{"line":72,"column":25},"end":{"line":75,"column":6}},"24":{"start":{"line":77,"column":4},"end":{"line":80,"column":5}},"25":{"start":{"line":78,"column":6},"end":{"line":78,"column":94}},"26":{"start":{"line":79,"column":6},"end":{"line":79,"column":13}},"27":{"start":{"line":82,"column":20},"end":{"line":82,"column":60}},"28":{"start":{"line":83,"column":17},"end":{"line":83,"column":55}},"29":{"start":{"line":85,"column":4},"end":{"line":91,"column":5}},"30":{"start":{"line":86,"column":6},"end":{"line":89,"column":9}},"31":{"start":{"line":90,"column":6},"end":{"line":90,"column":78}},"32":{"start":{"line":30,"column":13},"end":{"line":30,"column":41}},"33":{"start":{"line":40,"column":8},"end":{"line":64,"column":null}},"34":{"start":{"line":67,"column":8},"end":{"line":92,"column":null}},"35":{"start":{"line":30,"column":13},"end":{"line":93,"column":null}}},"fnMap":{"0":{"name":"(anonymous_2)","decl":{"start":{"line":33,"column":2},"end":{"line":33,"column":null}},"loc":{"start":{"line":36,"column":27},"end":{"line":37,"column":6}}},"1":{"name":"(anonymous_3)","decl":{"start":{"line":40,"column":2},"end":{"line":40,"column":7}},"loc":{"start":{"line":40,"column":61},"end":{"line":64,"column":3}}},"2":{"name":"(anonymous_4)","decl":{"start":{"line":67,"column":2},"end":{"line":67,"column":7}},"loc":{"start":{"line":67,"column":51},"end":{"line":92,"column":3}}}},"branchMap":{"0":{"loc":{"start":{"line":50,"column":4},"end":{"line":53,"column":5}},"type":"if","locations":[{"start":{"line":50,"column":4},"end":{"line":53,"column":5}}]},"1":{"loc":{"start":{"line":50,"column":8},"end":{"line":50,"column":73}},"type":"binary-expr","locations":[{"start":{"line":50,"column":8},"end":{"line":50,"column":21}},{"start":{"line":50,"column":25},"end":{"line":50,"column":44}},{"start":{"line":50,"column":48},"end":{"line":50,"column":73}}]},"2":{"loc":{"start":{"line":57,"column":4},"end":{"line":63,"column":5}},"type":"if","locations":[{"start":{"line":57,"column":4},"end":{"line":63,"column":5}}]},"3":{"loc":{"start":{"line":77,"column":4},"end":{"line":80,"column":5}},"type":"if","locations":[{"start":{"line":77,"column":4},"end":{"line":80,"column":5}}]},"4":{"loc":{"start":{"line":77,"column":8},"end":{"line":77,"column":68}},"type":"binary-expr","locations":[{"start":{"line":77,"column":8},"end":{"line":77,"column":21}},{"start":{"line":77,"column":25},"end":{"line":77,"column":44}},{"start":{"line":77,"column":48},"end":{"line":77,"column":68}}]},"5":{"loc":{"start":{"line":85,"column":4},"end":{"line":91,"column":5}},"type":"if","locations":[{"start":{"line":85,"column":4},"end":{"line":91,"column":5}}]},"6":{"loc":{"start":{"line":40,"column":64},"end":{"line":40,"column":null}},"type":"cond-expr","locations":[{"start":{"line":40,"column":71},"end":{"line":40,"column":null}},{"start":{"line":40,"column":71},"end":{"line":40,"column":null}}]},"7":{"loc":{"start":{"line":40,"column":64},"end":{"line":40,"column":71}},"type":"binary-expr","locations":[{"start":{"line":40,"column":64},"end":{"line":40,"column":null}},{"start":{"line":40,"column":64},"end":{"line":40,"column":71}}]},"8":{"loc":{"start":{"line":67,"column":54},"end":{"line":67,"column":null}},"type":"cond-expr","locations":[{"start":{"line":67,"column":61},"end":{"line":67,"column":null}},{"start":{"line":67,"column":61},"end":{"line":67,"column":null}}]},"9":{"loc":{"start":{"line":67,"column":54},"end":{"line":67,"column":61}},"type":"binary-expr","locations":[{"start":{"line":67,"column":54},"end":{"line":67,"column":null}},{"start":{"line":67,"column":54},"end":{"line":67,"column":61}}]},"10":{"loc":{"start":{"line":34,"column":20},"end":{"line":34,"column":null}},"type":"cond-expr","locations":[{"start":{"line":34,"column":33},"end":{"line":34,"column":null}},{"start":{"line":34,"column":33},"end":{"line":34,"column":null}}]},"11":{"loc":{"start":{"line":34,"column":20},"end":{"line":34,"column":33}},"type":"binary-expr","locations":[{"start":{"line":34,"column":20},"end":{"line":34,"column":null}},{"start":{"line":34,"column":20},"end":{"line":34,"column":33}}]},"12":{"loc":{"start":{"line":34,"column":33},"end":{"line":35,"column":null}},"type":"cond-expr","locations":[{"start":{"line":35,"column":37},"end":{"line":35,"column":null}},{"start":{"line":35,"column":37},"end":{"line":35,"column":null}}]},"13":{"loc":{"start":{"line":34,"column":33},"end":{"line":35,"column":37}},"type":"binary-expr","locations":[{"start":{"line":34,"column":33},"end":{"line":35,"column":null}},{"start":{"line":35,"column":22},"end":{"line":35,"column":37}}]},"14":{"loc":{"start":{"line":35,"column":37},"end":{"line":36,"column":null}},"type":"cond-expr","locations":[{"start":{"line":36,"column":27},"end":{"line":36,"column":null}},{"start":{"line":36,"column":27},"end":{"line":36,"column":null}}]},"15":{"loc":{"start":{"line":35,"column":37},"end":{"line":36,"column":27}},"type":"binary-expr","locations":[{"start":{"line":35,"column":37},"end":{"line":36,"column":null}},{"start":{"line":36,"column":17},"end":{"line":36,"column":27}}]}},"s":{"0":1,"1":1,"2":1,"3":1,"4":1,"5":1,"6":1,"7":10,"8":10,"9":10,"10":10,"11":5,"12":5,"13":5,"14":5,"15":3,"16":3,"17":2,"18":2,"19":1,"20":1,"21":5,"22":5,"23":5,"24":5,"25":3,"26":3,"27":2,"28":2,"29":2,"30":1,"31":1,"32":1,"33":1,"34":1,"35":1},"f":{"0":10,"1":5,"2":5},"b":{"0":[3],"1":[5,4,3],"2":[1],"3":[3],"4":[5,4,3],"5":[1],"6":[1,0],"7":[1,1],"8":[1,0],"9":[1,1],"10":[1,0],"11":[1,1],"12":[1,0],"13":[1,1],"14":[1,0],"15":[1,1]}}
,"/Users/rahulraogonda/Developer/github/tee-union/tee-union-api/src/notifications/notifications.service.ts": {"path":"/Users/rahulraogonda/Developer/github/tee-union/tee-union-api/src/notifications/notifications.service.ts","statementMap":{"0":{"start":{"line":1,"column":0},"end":{"line":1,"column":52}},"1":{"start":{"line":2,"column":0},"end":{"line":2,"column":57}},"2":{"start":{"line":5,"column":33},"end":{"line":87,"column":null}},"3":{"start":{"line":6,"column":28},"end":{"line":6,"column":65}},"4":{"start":{"line":8,"column":22},"end":{"line":8,"column":30}},"5":{"start":{"line":20,"column":40},"end":{"line":20,"column":47}},"6":{"start":{"line":21,"column":17},"end":{"line":21,"column":35}},"7":{"start":{"line":23,"column":18},"end":{"line":26,"column":6}},"8":{"start":{"line":28,"column":35},"end":{"line":48,"column":6}},"9":{"start":{"line":50,"column":4},"end":{"line":58,"column":6}},"10":{"start":{"line":68,"column":18},"end":{"line":70,"column":6}},"11":{"start":{"line":71,"column":4},"end":{"line":71,"column":83}},"12":{"start":{"line":72,"column":4},"end":{"line":72,"column":21}},"13":{"start":{"line":81,"column":4},"end":{"line":84,"column":7}},"14":{"start":{"line":85,"column":4},"end":{"line":85,"column":73}},"15":{"start":{"line":5,"column":13},"end":{"line":5,"column":33}},"16":{"start":{"line":5,"column":13},"end":{"line":87,"column":null}}},"fnMap":{"0":{"name":"(anonymous_2)","decl":{"start":{"line":8,"column":2},"end":{"line":8,"column":22}},"loc":{"start":{"line":8,"column":43},"end":{"line":8,"column":47}}},"1":{"name":"(anonymous_3)","decl":{"start":{"line":16,"column":2},"end":{"line":16,"column":7}},"loc":{"start":{"line":18,"column":66},"end":{"line":59,"column":3}}},"2":{"name":"(anonymous_4)","decl":{"start":{"line":67,"column":2},"end":{"line":67,"column":7}},"loc":{"start":{"line":67,"column":37},"end":{"line":73,"column":3}}},"3":{"name":"(anonymous_5)","decl":{"start":{"line":80,"column":2},"end":{"line":80,"column":7}},"loc":{"start":{"line":80,"column":41},"end":{"line":86,"column":3}}}},"branchMap":{"0":{"loc":{"start":{"line":25,"column":10},"end":{"line":25,"column":45}},"type":"cond-expr","locations":[{"start":{"line":25,"column":23},"end":{"line":25,"column":40}},{"start":{"line":25,"column":43},"end":{"line":25,"column":45}}]},"1":{"loc":{"start":{"line":8,"column":30},"end":{"line":8,"column":46}},"type":"cond-expr","locations":[{"start":{"line":8,"column":43},"end":{"line":8,"column":46}},{"start":{"line":8,"column":43},"end":{"line":8,"column":46}}]},"2":{"loc":{"start":{"line":8,"column":30},"end":{"line":8,"column":43}},"type":"binary-expr","locations":[{"start":{"line":8,"column":30},"end":{"line":8,"column":46}},{"start":{"line":8,"column":30},"end":{"line":8,"column":43}}]}},"s":{"0":1,"1":1,"2":1,"3":7,"4":7,"5":4,"6":4,"7":4,"8":4,"9":4,"10":2,"11":2,"12":2,"13":1,"14":1,"15":1,"16":1},"f":{"0":7,"1":4,"2":2,"3":1},"b":{"0":[1,3],"1":[1,0],"2":[1,1]}}
,"/Users/rahulraogonda/Developer/github/tee-union/tee-union-api/src/sms/sms.service.ts": {"path":"/Users/rahulraogonda/Developer/github/tee-union/tee-union-api/src/sms/sms.service.ts","statementMap":{"0":{"start":{"line":1,"column":0},"end":{"line":1,"column":66}},"1":{"start":{"line":2,"column":0},"end":{"line":2,"column":47}},"2":{"start":{"line":3,"column":0},"end":{"line":3,"column":null}},"3":{"start":{"line":10,"column":23},"end":{"line":96,"column":null}},"4":{"start":{"line":11,"column":28},"end":{"line":11,"column":55}},"5":{"start":{"line":12,"column":37},"end":{"line":12,"column":41}},"6":{"start":{"line":14,"column":20},"end":{"line":14,"column":25}},"7":{"start":{"line":16,"column":22},"end":{"line":16,"column":30}},"8":{"start":{"line":19,"column":24},"end":{"line":19,"column":68}},"9":{"start":{"line":20,"column":28},"end":{"line":20,"column":76}},"10":{"start":{"line":21,"column":19},"end":{"line":21,"column":72}},"11":{"start":{"line":23,"column":4},"end":{"line":28,"column":5}},"12":{"start":{"line":24,"column":6},"end":{"line":26,"column":8}},"13":{"start":{"line":27,"column":6},"end":{"line":27,"column":13}},"14":{"start":{"line":30,"column":4},"end":{"line":33,"column":7}},"15":{"start":{"line":35,"column":4},"end":{"line":36,"column":64}},"16":{"start":{"line":37,"column":4},"end":{"line":37,"column":24}},"17":{"start":{"line":38,"column":4},"end":{"line":38,"column":81}},"18":{"start":{"line":42,"column":4},"end":{"line":42,"column":24}},"19":{"start":{"line":50,"column":4},"end":{"line":50,"column":52}},"20":{"start":{"line":50,"column":39},"end":{"line":50,"column":52}},"21":{"start":{"line":52,"column":40},"end":{"line":65,"column":6}},"22":{"start":{"line":67,"column":4},"end":{"line":80,"column":5}},"23":{"start":{"line":68,"column":23},"end":{"line":68,"column":73}},"24":{"start":{"line":69,"column":6},"end":{"line":72,"column":8}},"25":{"start":{"line":73,"column":6},"end":{"line":73,"column":18}},"26":{"start":{"line":75,"column":6},"end":{"line":78,"column":8}},"27":{"start":{"line":79,"column":6},"end":{"line":79,"column":19}},"28":{"start":{"line":87,"column":19},"end":{"line":87,"column":37}},"29":{"start":{"line":88,"column":19},"end":{"line":88,"column":47}},"30":{"start":{"line":89,"column":20},"end":{"line":89,"column":74}},"31":{"start":{"line":92,"column":6},"end":{"line":92,"column":73}},"32":{"start":{"line":94,"column":4},"end":{"line":94,"column":58}},"33":{"start":{"line":10,"column":13},"end":{"line":10,"column":23}},"34":{"start":{"line":10,"column":13},"end":{"line":96,"column":null}}},"fnMap":{"0":{"name":"(anonymous_2)","decl":{"start":{"line":16,"column":2},"end":{"line":16,"column":22}},"loc":{"start":{"line":16,"column":43},"end":{"line":16,"column":47}}},"1":{"name":"(anonymous_3)","decl":{"start":{"line":18,"column":2},"end":{"line":18,"column":14}},"loc":{"start":{"line":18,"column":14},"end":{"line":39,"column":3}}},"2":{"name":"(anonymous_4)","decl":{"start":{"line":41,"column":2},"end":{"line":41,"column":11}},"loc":{"start":{"line":41,"column":11},"end":{"line":43,"column":3}}},"3":{"name":"(anonymous_5)","decl":{"start":{"line":49,"column":2},"end":{"line":49,"column":7}},"loc":{"start":{"line":49,"column":52},"end":{"line":81,"column":3}}},"4":{"name":"(anonymous_6)","decl":{"start":{"line":86,"column":2},"end":{"line":86,"column":20}},"loc":{"start":{"line":86,"column":48},"end":{"line":95,"column":3}}}},"branchMap":{"0":{"loc":{"start":{"line":21,"column":19},"end":{"line":21,"column":72}},"type":"binary-expr","locations":[{"start":{"line":21,"column":19},"end":{"line":21,"column":56}},{"start":{"line":21,"column":60},"end":{"line":21,"column":72}}]},"1":{"loc":{"start":{"line":23,"column":4},"end":{"line":28,"column":5}},"type":"if","locations":[{"start":{"line":23,"column":4},"end":{"line":28,"column":5}}]},"2":{"loc":{"start":{"line":23,"column":8},"end":{"line":23,"column":40}},"type":"binary-expr","locations":[{"start":{"line":23,"column":8},"end":{"line":23,"column":20}},{"start":{"line":23,"column":24},"end":{"line":23,"column":40}}]},"3":{"loc":{"start":{"line":36,"column":6},"end":{"line":36,"column":63}},"type":"binary-expr","locations":[{"start":{"line":36,"column":6},"end":{"line":36,"column":50}},{"start":{"line":36,"column":54},"end":{"line":36,"column":63}}]},"4":{"loc":{"start":{"line":50,"column":4},"end":{"line":50,"column":52}},"type":"if","locations":[{"start":{"line":50,"column":4},"end":{"line":50,"column":52}}]},"5":{"loc":{"start":{"line":50,"column":8},"end":{"line":50,"column":37}},"type":"binary-expr","locations":[{"start":{"line":50,"column":8},"end":{"line":50,"column":21}},{"start":{"line":50,"column":25},"end":{"line":50,"column":37}}]},"6":{"loc":{"start":{"line":92,"column":6},"end":{"line":92,"column":73}},"type":"cond-expr","locations":[{"start":{"line":92,"column":30},"end":{"line":92,"column":66}},{"start":{"line":92,"column":69},"end":{"line":92,"column":73}}]},"7":{"loc":{"start":{"line":16,"column":30},"end":{"line":16,"column":46}},"type":"cond-expr","locations":[{"start":{"line":16,"column":43},"end":{"line":16,"column":46}},{"start":{"line":16,"column":43},"end":{"line":16,"column":46}}]},"8":{"loc":{"start":{"line":16,"column":30},"end":{"line":16,"column":43}},"type":"binary-expr","locations":[{"start":{"line":16,"column":30},"end":{"line":16,"column":46}},{"start":{"line":16,"column":30},"end":{"line":16,"column":43}}]}},"s":{"0":6,"1":6,"2":6,"3":6,"4":8,"5":8,"6":8,"7":8,"8":8,"9":8,"10":8,"11":8,"12":5,"13":5,"14":3,"15":3,"16":3,"17":3,"18":2,"19":3,"20":1,"21":2,"22":2,"23":2,"24":1,"25":1,"26":1,"27":1,"28":3,"29":3,"30":3,"31":3,"32":3,"33":6,"34":6},"f":{"0":8,"1":8,"2":2,"3":3,"4":3},"b":{"0":[8,5],"1":[5],"2":[8,3],"3":[3,0],"4":[1],"5":[3,2],"6":[1,2],"7":[6,0],"8":[6,6]}}
,"/Users/rahulraogonda/Developer/github/tee-union/tee-union-api/src/telegram/telegram-link.service.ts": {"path":"/Users/rahulraogonda/Developer/github/tee-union/tee-union-api/src/telegram/telegram-link.service.ts","statementMap":{"0":{"start":{"line":1,"column":0},"end":{"line":1,"column":71}},"1":{"start":{"line":2,"column":0},"end":{"line":2,"column":57}},"2":{"start":{"line":3,"column":0},"end":{"line":3,"column":53}},"3":{"start":{"line":4,"column":0},"end":{"line":4,"column":33}},"4":{"start":{"line":7,"column":32},"end":{"line":162,"column":null}},"5":{"start":{"line":8,"column":28},"end":{"line":8,"column":64}},"6":{"start":{"line":11,"column":12},"end":{"line":11,"column":20}},"7":{"start":{"line":12,"column":12},"end":{"line":12,"column":22}},"8":{"start":{"line":20,"column":4},"end":{"line":23,"column":7}},"9":{"start":{"line":25,"column":18},"end":{"line":25,"column":36}},"10":{"start":{"line":26,"column":22},"end":{"line":26,"column":59}},"11":{"start":{"line":28,"column":4},"end":{"line":30,"column":7}},"12":{"start":{"line":32,"column":24},"end":{"line":32,"column":51}},"13":{"start":{"line":34,"column":6},"end":{"line":36,"column":67}},"14":{"start":{"line":38,"column":4},"end":{"line":38,"column":35}},"15":{"start":{"line":45,"column":19},"end":{"line":48,"column":6}},"16":{"start":{"line":50,"column":4},"end":{"line":56,"column":5}},"17":{"start":{"line":51,"column":6},"end":{"line":54,"column":8}},"18":{"start":{"line":55,"column":6},"end":{"line":55,"column":13}},"19":{"start":{"line":58,"column":4},"end":{"line":64,"column":5}},"20":{"start":{"line":59,"column":6},"end":{"line":62,"column":8}},"21":{"start":{"line":63,"column":6},"end":{"line":63,"column":13}},"22":{"start":{"line":67,"column":4},"end":{"line":79,"column":7}},"23":{"start":{"line":81,"column":4},"end":{"line":81,"column":84}},"24":{"start":{"line":83,"column":4},"end":{"line":88,"column":6}},"25":{"start":{"line":95,"column":17},"end":{"line":98,"column":6}},"26":{"start":{"line":100,"column":4},"end":{"line":100,"column":61}},"27":{"start":{"line":100,"column":15},"end":{"line":100,"column":61}},"28":{"start":{"line":102,"column":4},"end":{"line":105,"column":7}},"29":{"start":{"line":107,"column":4},"end":{"line":113,"column":5}},"30":{"start":{"line":108,"column":6},"end":{"line":112,"column":8}},"31":{"start":{"line":120,"column":4},"end":{"line":120,"column":43}},"32":{"start":{"line":120,"column":36},"end":{"line":120,"column":43}},"33":{"start":{"line":122,"column":16},"end":{"line":122,"column":38}},"34":{"start":{"line":124,"column":4},"end":{"line":129,"column":7}},"35":{"start":{"line":125,"column":21},"end":{"line":125,"column":40}},"36":{"start":{"line":126,"column":20},"end":{"line":126,"column":36}},"37":{"start":{"line":127,"column":6},"end":{"line":127,"column":70}},"38":{"start":{"line":128,"column":6},"end":{"line":128,"column":50}},"39":{"start":{"line":131,"column":4},"end":{"line":139,"column":7}},"40":{"start":{"line":132,"column":6},"end":{"line":138,"column":8}},"41":{"start":{"line":141,"column":4},"end":{"line":141,"column":62}},"42":{"start":{"line":148,"column":18},"end":{"line":148,"column":52}},"43":{"start":{"line":149,"column":4},"end":{"line":151,"column":16}},"44":{"start":{"line":150,"column":18},"end":{"line":150,"column":41}},"45":{"start":{"line":155,"column":4},"end":{"line":160,"column":5}},"46":{"start":{"line":156,"column":17},"end":{"line":156,"column":53}},"47":{"start":{"line":157,"column":6},"end":{"line":157,"column":46}},"48":{"start":{"line":159,"column":6},"end":{"line":159,"column":31}},"49":{"start":{"line":7,"column":13},"end":{"line":7,"column":32}},"50":{"start":{"line":7,"column":13},"end":{"line":162,"column":null}}},"fnMap":{"0":{"name":"(anonymous_11)","decl":{"start":{"line":10,"column":2},"end":{"line":10,"column":null}},"loc":{"start":{"line":12,"column":37},"end":{"line":13,"column":6}}},"1":{"name":"(anonymous_12)","decl":{"start":{"line":18,"column":2},"end":{"line":18,"column":7}},"loc":{"start":{"line":18,"column":40},"end":{"line":39,"column":3}}},"2":{"name":"(anonymous_13)","decl":{"start":{"line":44,"column":2},"end":{"line":44,"column":7}},"loc":{"start":{"line":44,"column":55},"end":{"line":89,"column":3}}},"3":{"name":"(anonymous_14)","decl":{"start":{"line":94,"column":2},"end":{"line":94,"column":7}},"loc":{"start":{"line":94,"column":37},"end":{"line":114,"column":3}}},"4":{"name":"(anonymous_15)","decl":{"start":{"line":119,"column":2},"end":{"line":119,"column":25}},"loc":{"start":{"line":119,"column":25},"end":{"line":142,"column":3}}},"5":{"name":"(anonymous_16)","decl":{"start":{"line":124,"column":35},"end":{"line":124,"column":40}},"loc":{"start":{"line":124,"column":56},"end":{"line":129,"column":5}}},"6":{"name":"(anonymous_17)","decl":{"start":{"line":131,"column":28},"end":{"line":131,"column":33}},"loc":{"start":{"line":131,"column":42},"end":{"line":139,"column":5}}},"7":{"name":"(anonymous_18)","decl":{"start":{"line":147,"column":10},"end":{"line":147,"column":21}},"loc":{"start":{"line":147,"column":21},"end":{"line":152,"column":3}}},"8":{"name":"(anonymous_19)","decl":{"start":{"line":150,"column":11},"end":{"line":150,"column":12}},"loc":{"start":{"line":150,"column":18},"end":{"line":150,"column":41}}},"9":{"name":"(anonymous_20)","decl":{"start":{"line":154,"column":10},"end":{"line":154,"column":15}},"loc":{"start":{"line":154,"column":30},"end":{"line":161,"column":3}}}},"branchMap":{"0":{"loc":{"start":{"line":50,"column":4},"end":{"line":56,"column":5}},"type":"if","locations":[{"start":{"line":50,"column":4},"end":{"line":56,"column":5}}]},"1":{"loc":{"start":{"line":50,"column":8},"end":{"line":50,"column":65}},"type":"binary-expr","locations":[{"start":{"line":50,"column":8},"end":{"line":50,"column":15}},{"start":{"line":50,"column":19},"end":{"line":50,"column":32}},{"start":{"line":50,"column":36},"end":{"line":50,"column":65}}]},"2":{"loc":{"start":{"line":58,"column":4},"end":{"line":64,"column":5}},"type":"if","locations":[{"start":{"line":58,"column":4},"end":{"line":64,"column":5}}]},"3":{"loc":{"start":{"line":58,"column":8},"end":{"line":58,"column":75}},"type":"binary-expr","locations":[{"start":{"line":58,"column":8},"end":{"line":58,"column":34}},{"start":{"line":58,"column":38},"end":{"line":58,"column":75}}]},"4":{"loc":{"start":{"line":100,"column":4},"end":{"line":100,"column":61}},"type":"if","locations":[{"start":{"line":100,"column":4},"end":{"line":100,"column":61}}]},"5":{"loc":{"start":{"line":107,"column":4},"end":{"line":113,"column":5}},"type":"if","locations":[{"start":{"line":107,"column":4},"end":{"line":113,"column":5}}]},"6":{"loc":{"start":{"line":120,"column":4},"end":{"line":120,"column":43}},"type":"if","locations":[{"start":{"line":120,"column":4},"end":{"line":120,"column":43}}]},"7":{"loc":{"start":{"line":126,"column":20},"end":{"line":126,"column":36}},"type":"binary-expr","locations":[{"start":{"line":126,"column":20},"end":{"line":126,"column":30}},{"start":{"line":126,"column":34},"end":{"line":126,"column":36}}]},"8":{"loc":{"start":{"line":157,"column":13},"end":{"line":157,"column":45}},"type":"binary-expr","locations":[{"start":{"line":157,"column":13},"end":{"line":157,"column":24}},{"start":{"line":157,"column":28},"end":{"line":157,"column":45}}]},"9":{"loc":{"start":{"line":11,"column":20},"end":{"line":11,"column":null}},"type":"cond-expr","locations":[{"start":{"line":11,"column":33},"end":{"line":11,"column":null}},{"start":{"line":11,"column":33},"end":{"line":11,"column":null}}]},"10":{"loc":{"start":{"line":11,"column":20},"end":{"line":11,"column":33}},"type":"binary-expr","locations":[{"start":{"line":11,"column":20},"end":{"line":11,"column":null}},{"start":{"line":11,"column":20},"end":{"line":11,"column":33}}]},"11":{"loc":{"start":{"line":11,"column":33},"end":{"line":12,"column":null}},"type":"cond-expr","locations":[{"start":{"line":12,"column":37},"end":{"line":12,"column":null}},{"start":{"line":12,"column":37},"end":{"line":12,"column":null}}]},"12":{"loc":{"start":{"line":11,"column":33},"end":{"line":12,"column":37}},"type":"binary-expr","locations":[{"start":{"line":11,"column":33},"end":{"line":12,"column":null}},{"start":{"line":12,"column":22},"end":{"line":12,"column":37}}]}},"s":{"0":1,"1":1,"2":1,"3":1,"4":1,"5":12,"6":12,"7":12,"8":2,"9":2,"10":2,"11":2,"12":2,"13":2,"14":2,"15":5,"16":5,"17":3,"18":3,"19":2,"20":1,"21":1,"22":1,"23":1,"24":1,"25":3,"26":3,"27":1,"28":2,"29":2,"30":1,"31":2,"32":1,"33":1,"34":1,"35":0,"36":0,"37":0,"38":0,"39":1,"40":0,"41":1,"42":2,"43":2,"44":16,"45":2,"46":2,"47":2,"48":0,"49":1,"50":1},"f":{"0":12,"1":2,"2":5,"3":3,"4":2,"5":0,"6":0,"7":2,"8":16,"9":2},"b":{"0":[3],"1":[5,4,3],"2":[1],"3":[2,1],"4":[1],"5":[1],"6":[1],"7":[0,0],"8":[2,0],"9":[1,0],"10":[1,1],"11":[1,0],"12":[1,1]}}
,"/Users/rahulraogonda/Developer/github/tee-union/tee-union-api/src/telegram/telegram.service.ts": {"path":"/Users/rahulraogonda/Developer/github/tee-union/tee-union-api/src/telegram/telegram.service.ts","statementMap":{"0":{"start":{"line":1,"column":0},"end":{"line":1,"column":66}},"1":{"start":{"line":2,"column":0},"end":{"line":2,"column":47}},"2":{"start":{"line":3,"column":0},"end":{"line":3,"column":48}},"3":{"start":{"line":6,"column":28},"end":{"line":81,"column":null}},"4":{"start":{"line":7,"column":28},"end":{"line":7,"column":60}},"5":{"start":{"line":9,"column":20},"end":{"line":9,"column":25}},"6":{"start":{"line":11,"column":22},"end":{"line":11,"column":30}},"7":{"start":{"line":14,"column":18},"end":{"line":14,"column":63}},"8":{"start":{"line":15,"column":4},"end":{"line":20,"column":5}},"9":{"start":{"line":16,"column":6},"end":{"line":18,"column":8}},"10":{"start":{"line":19,"column":6},"end":{"line":19,"column":13}},"11":{"start":{"line":23,"column":18},"end":{"line":23,"column":62}},"12":{"start":{"line":24,"column":4},"end":{"line":24,"column":58}},"13":{"start":{"line":25,"column":4},"end":{"line":25,"column":24}},"14":{"start":{"line":26,"column":4},"end":{"line":26,"column":85}},"15":{"start":{"line":30,"column":4},"end":{"line":30,"column":24}},"16":{"start":{"line":34,"column":4},"end":{"line":34,"column":20}},"17":{"start":{"line":45,"column":4},"end":{"line":45,"column":36}},"18":{"start":{"line":45,"column":23},"end":{"line":45,"column":36}},"19":{"start":{"line":47,"column":4},"end":{"line":60,"column":5}},"20":{"start":{"line":49,"column":8},"end":{"line":51,"column":54}},"21":{"start":{"line":53,"column":6},"end":{"line":55,"column":9}},"22":{"start":{"line":56,"column":6},"end":{"line":56,"column":18}},"23":{"start":{"line":58,"column":6},"end":{"line":58,"column":74}},"24":{"start":{"line":59,"column":6},"end":{"line":59,"column":19}},"25":{"start":{"line":67,"column":4},"end":{"line":67,"column":30}},"26":{"start":{"line":67,"column":23},"end":{"line":67,"column":30}},"27":{"start":{"line":68,"column":4},"end":{"line":72,"column":5}},"28":{"start":{"line":69,"column":6},"end":{"line":69,"column":58}},"29":{"start":{"line":71,"column":6},"end":{"line":71,"column":60}},"30":{"start":{"line":79,"column":4},"end":{"line":79,"column":59}},"31":{"start":{"line":6,"column":13},"end":{"line":6,"column":28}},"32":{"start":{"line":6,"column":13},"end":{"line":81,"column":null}}},"fnMap":{"0":{"name":"(anonymous_3)","decl":{"start":{"line":11,"column":2},"end":{"line":11,"column":22}},"loc":{"start":{"line":11,"column":43},"end":{"line":11,"column":47}}},"1":{"name":"(anonymous_4)","decl":{"start":{"line":13,"column":2},"end":{"line":13,"column":14}},"loc":{"start":{"line":13,"column":14},"end":{"line":27,"column":3}}},"2":{"name":"(anonymous_5)","decl":{"start":{"line":29,"column":2},"end":{"line":29,"column":11}},"loc":{"start":{"line":29,"column":11},"end":{"line":31,"column":3}}},"3":{"name":"(anonymous_6)","decl":{"start":{"line":33,"column":2},"end":{"line":33,"column":8}},"loc":{"start":{"line":33,"column":8},"end":{"line":35,"column":3}}},"4":{"name":"(anonymous_7)","decl":{"start":{"line":40,"column":2},"end":{"line":40,"column":7}},"loc":{"start":{"line":43,"column":16},"end":{"line":61,"column":3}}},"5":{"name":"(anonymous_8)","decl":{"start":{"line":66,"column":2},"end":{"line":66,"column":7}},"loc":{"start":{"line":66,"column":57},"end":{"line":73,"column":3}}},"6":{"name":"(anonymous_9)","decl":{"start":{"line":78,"column":10},"end":{"line":78,"column":16}},"loc":{"start":{"line":78,"column":29},"end":{"line":80,"column":3}}}},"branchMap":{"0":{"loc":{"start":{"line":15,"column":4},"end":{"line":20,"column":5}},"type":"if","locations":[{"start":{"line":15,"column":4},"end":{"line":20,"column":5}}]},"1":{"loc":{"start":{"line":26,"column":49},"end":{"line":26,"column":78}},"type":"cond-expr","locations":[{"start":{"line":26,"column":57},"end":{"line":26,"column":66}},{"start":{"line":26,"column":69},"end":{"line":26,"column":78}}]},"2":{"loc":{"start":{"line":45,"column":4},"end":{"line":45,"column":36}},"type":"if","locations":[{"start":{"line":45,"column":4},"end":{"line":45,"column":36}}]},"3":{"loc":{"start":{"line":67,"column":4},"end":{"line":67,"column":30}},"type":"if","locations":[{"start":{"line":67,"column":4},"end":{"line":67,"column":30}}]},"4":{"loc":{"start":{"line":11,"column":30},"end":{"line":11,"column":46}},"type":"cond-expr","locations":[{"start":{"line":11,"column":43},"end":{"line":11,"column":46}},{"start":{"line":11,"column":43},"end":{"line":11,"column":46}}]},"5":{"loc":{"start":{"line":11,"column":30},"end":{"line":11,"column":43}},"type":"binary-expr","locations":[{"start":{"line":11,"column":30},"end":{"line":11,"column":46}},{"start":{"line":11,"column":30},"end":{"line":11,"column":43}}]}},"s":{"0":6,"1":6,"2":6,"3":6,"4":0,"5":0,"6":0,"7":0,"8":0,"9":0,"10":0,"11":0,"12":0,"13":0,"14":0,"15":0,"16":0,"17":0,"18":0,"19":0,"20":0,"21":0,"22":0,"23":0,"24":0,"25":0,"26":0,"27":0,"28":0,"29":0,"30":0,"31":6,"32":6},"f":{"0":0,"1":0,"2":0,"3":0,"4":0,"5":0,"6":0},"b":{"0":[0],"1":[0,0],"2":[0],"3":[0],"4":[6,0],"5":[6,6]}}
,"/Users/rahulraogonda/Developer/github/tee-union/tee-union-api/src/tickets/tickets.service.ts": {"path":"/Users/rahulraogonda/Developer/github/tee-union/tee-union-api/src/tickets/tickets.service.ts","statementMap":{"0":{"start":{"line":1,"column":0},"end":{"line":1,"column":91}},"1":{"start":{"line":2,"column":0},"end":{"line":2,"column":57}},"2":{"start":{"line":3,"column":0},"end":{"line":3,"column":97}},"3":{"start":{"line":4,"column":0},"end":{"line":4,"column":90}},"4":{"start":{"line":6,"column":49},"end":{"line":10,"column":2}},"5":{"start":{"line":12,"column":51},"end":{"line":18,"column":2}},"6":{"start":{"line":21,"column":27},"end":{"line":350,"column":null}},"7":{"start":{"line":22,"column":28},"end":{"line":22,"column":59}},"8":{"start":{"line":25,"column":12},"end":{"line":25,"column":20}},"9":{"start":{"line":26,"column":12},"end":{"line":26,"column":24}},"10":{"start":{"line":46,"column":4},"end":{"line":46,"column":104}},"11":{"start":{"line":48,"column":19},"end":{"line":51,"column":6}},"12":{"start":{"line":52,"column":4},"end":{"line":55,"column":5}},"13":{"start":{"line":53,"column":6},"end":{"line":53,"column":90}},"14":{"start":{"line":54,"column":6},"end":{"line":54,"column":62}},"15":{"start":{"line":57,"column":21},"end":{"line":57,"column":60}},"16":{"start":{"line":58,"column":24},"end":{"line":58,"column":34}},"17":{"start":{"line":59,"column":4},"end":{"line":59,"column":68}},"18":{"start":{"line":61,"column":19},"end":{"line":76,"column":6}},"19":{"start":{"line":78,"column":4},"end":{"line":78,"column":104}},"20":{"start":{"line":80,"column":4},"end":{"line":85,"column":7}},"21":{"start":{"line":87,"column":4},"end":{"line":87,"column":18}},"22":{"start":{"line":106,"column":45},"end":{"line":106,"column":52}},"23":{"start":{"line":107,"column":17},"end":{"line":107,"column":35}},"24":{"start":{"line":109,"column":22},"end":{"line":109,"column":24}},"25":{"start":{"line":110,"column":4},"end":{"line":116,"column":5}},"26":{"start":{"line":111,"column":21},"end":{"line":114,"column":8}},"27":{"start":{"line":115,"column":6},"end":{"line":115,"column":45}},"28":{"start":{"line":118,"column":21},"end":{"line":118,"column":75}},"29":{"start":{"line":120,"column":18},"end":{"line":124,"column":6}},"30":{"start":{"line":126,"column":26},"end":{"line":138,"column":6}},"31":{"start":{"line":140,"column":4},"end":{"line":140,"column":78}},"32":{"start":{"line":157,"column":19},"end":{"line":169,"column":6}},"33":{"start":{"line":171,"column":4},"end":{"line":171,"column":71}},"34":{"start":{"line":171,"column":17},"end":{"line":171,"column":71}},"35":{"start":{"line":173,"column":4},"end":{"line":175,"column":5}},"36":{"start":{"line":174,"column":6},"end":{"line":174,"column":52}},"37":{"start":{"line":177,"column":4},"end":{"line":177,"column":18}},"38":{"start":{"line":202,"column":4},"end":{"line":204,"column":5}},"39":{"start":{"line":203,"column":6},"end":{"line":203,"column":76}},"40":{"start":{"line":206,"column":19},"end":{"line":213,"column":6}},"41":{"start":{"line":215,"column":4},"end":{"line":217,"column":6}},"42":{"start":{"line":220,"column":4},"end":{"line":230,"column":5}},"43":{"start":{"line":221,"column":22},"end":{"line":221,"column":49}},"44":{"start":{"line":222,"column":6},"end":{"line":229,"column":7}},"45":{"start":{"line":223,"column":8},"end":{"line":228,"column":11}},"46":{"start":{"line":232,"column":4},"end":{"line":232,"column":18}},"47":{"start":{"line":253,"column":19},"end":{"line":256,"column":6}},"48":{"start":{"line":258,"column":4},"end":{"line":276,"column":7}},"49":{"start":{"line":278,"column":4},"end":{"line":280,"column":6}},"50":{"start":{"line":283,"column":20},"end":{"line":283,"column":40}},"51":{"start":{"line":284,"column":4},"end":{"line":296,"column":5}},"52":{"start":{"line":286,"column":8},"end":{"line":286,"column":83}},"53":{"start":{"line":287,"column":6},"end":{"line":295,"column":9}},"54":{"start":{"line":298,"column":4},"end":{"line":298,"column":64}},"55":{"start":{"line":322,"column":4},"end":{"line":348,"column":5}},"56":{"start":{"line":323,"column":27},"end":{"line":333,"column":8}},"57":{"start":{"line":335,"column":6},"end":{"line":342,"column":9}},"58":{"start":{"line":344,"column":6},"end":{"line":347,"column":8}},"59":{"start":{"line":21,"column":13},"end":{"line":21,"column":27}},"60":{"start":{"line":21,"column":13},"end":{"line":350,"column":null}}},"fnMap":{"0":{"name":"(anonymous_2)","decl":{"start":{"line":24,"column":2},"end":{"line":24,"column":null}},"loc":{"start":{"line":26,"column":53},"end":{"line":27,"column":6}}},"1":{"name":"(anonymous_3)","decl":{"start":{"line":40,"column":2},"end":{"line":40,"column":7}},"loc":{"start":{"line":45,"column":3},"end":{"line":88,"column":3}}},"2":{"name":"(anonymous_4)","decl":{"start":{"line":101,"column":2},"end":{"line":101,"column":7}},"loc":{"start":{"line":104,"column":69},"end":{"line":141,"column":3}}},"3":{"name":"(anonymous_5)","decl":{"start":{"line":156,"column":2},"end":{"line":156,"column":7}},"loc":{"start":{"line":156,"column":58},"end":{"line":178,"column":3}}},"4":{"name":"(anonymous_6)","decl":{"start":{"line":195,"column":2},"end":{"line":195,"column":7}},"loc":{"start":{"line":200,"column":22},"end":{"line":233,"column":3}}},"5":{"name":"(anonymous_7)","decl":{"start":{"line":247,"column":2},"end":{"line":247,"column":7}},"loc":{"start":{"line":251,"column":18},"end":{"line":299,"column":3}}},"6":{"name":"(anonymous_8)","decl":{"start":{"line":311,"column":10},"end":{"line":311,"column":15}},"loc":{"start":{"line":320,"column":5},"end":{"line":349,"column":3}}}},"branchMap":{"0":{"loc":{"start":{"line":46,"column":74},"end":{"line":46,"column":100}},"type":"binary-expr","locations":[{"start":{"line":46,"column":74},"end":{"line":46,"column":86}},{"start":{"line":46,"column":90},"end":{"line":46,"column":100}}]},"1":{"loc":{"start":{"line":52,"column":4},"end":{"line":55,"column":5}},"type":"if","locations":[{"start":{"line":52,"column":4},"end":{"line":55,"column":5}}]},"2":{"loc":{"start":{"line":57,"column":21},"end":{"line":57,"column":60}},"type":"binary-expr","locations":[{"start":{"line":57,"column":21},"end":{"line":57,"column":33}},{"start":{"line":57,"column":37},"end":{"line":57,"column":60}}]},"3":{"loc":{"start":{"line":106,"column":20},"end":{"line":106,"column":28}},"type":"default-arg","locations":[{"start":{"line":106,"column":27},"end":{"line":106,"column":28}}]},"4":{"loc":{"start":{"line":106,"column":30},"end":{"line":106,"column":40}},"type":"default-arg","locations":[{"start":{"line":106,"column":38},"end":{"line":106,"column":40}}]},"5":{"loc":{"start":{"line":110,"column":4},"end":{"line":116,"column":5}},"type":"if","locations":[{"start":{"line":110,"column":4},"end":{"line":116,"column":5}}]},"6":{"loc":{"start":{"line":118,"column":21},"end":{"line":118,"column":75}},"type":"cond-expr","locations":[{"start":{"line":118,"column":45},"end":{"line":118,"column":70}},{"start":{"line":118,"column":73},"end":{"line":118,"column":75}}]},"7":{"loc":{"start":{"line":123,"column":10},"end":{"line":123,"column":30}},"type":"binary-expr","locations":[{"start":{"line":123,"column":10},"end":{"line":123,"column":16}},{"start":{"line":123,"column":20},"end":{"line":123,"column":30}}]},"8":{"loc":{"start":{"line":163,"column":17},"end":{"line":163,"column":70}},"type":"cond-expr","locations":[{"start":{"line":163,"column":44},"end":{"line":163,"column":65}},{"start":{"line":163,"column":68},"end":{"line":163,"column":70}}]},"9":{"loc":{"start":{"line":171,"column":4},"end":{"line":171,"column":71}},"type":"if","locations":[{"start":{"line":171,"column":4},"end":{"line":171,"column":71}}]},"10":{"loc":{"start":{"line":173,"column":4},"end":{"line":175,"column":5}},"type":"if","locations":[{"start":{"line":173,"column":4},"end":{"line":175,"column":5}}]},"11":{"loc":{"start":{"line":173,"column":8},"end":{"line":173,"column":67}},"type":"binary-expr","locations":[{"start":{"line":173,"column":8},"end":{"line":173,"column":32}},{"start":{"line":173,"column":36},"end":{"line":173,"column":67}}]},"12":{"loc":{"start":{"line":200,"column":4},"end":{"line":200,"column":22}},"type":"default-arg","locations":[{"start":{"line":200,"column":17},"end":{"line":200,"column":22}}]},"13":{"loc":{"start":{"line":202,"column":4},"end":{"line":204,"column":5}},"type":"if","locations":[{"start":{"line":202,"column":4},"end":{"line":204,"column":5}}]},"14":{"loc":{"start":{"line":202,"column":8},"end":{"line":202,"column":46}},"type":"binary-expr","locations":[{"start":{"line":202,"column":8},"end":{"line":202,"column":18}},{"start":{"line":202,"column":22},"end":{"line":202,"column":46}}]},"15":{"loc":{"start":{"line":220,"column":4},"end":{"line":230,"column":5}},"type":"if","locations":[{"start":{"line":220,"column":4},"end":{"line":230,"column":5}}]},"16":{"loc":{"start":{"line":220,"column":8},"end":{"line":220,"column":47}},"type":"binary-expr","locations":[{"start":{"line":220,"column":8},"end":{"line":220,"column":19}},{"start":{"line":220,"column":23},"end":{"line":220,"column":47}}]},"17":{"loc":{"start":{"line":222,"column":6},"end":{"line":229,"column":7}},"type":"if","locations":[{"start":{"line":222,"column":6},"end":{"line":229,"column":7}}]},"18":{"loc":{"start":{"line":222,"column":10},"end":{"line":222,"column":39}},"type":"binary-expr","locations":[{"start":{"line":222,"column":10},"end":{"line":222,"column":17}},{"start":{"line":222,"column":21},"end":{"line":222,"column":39}}]},"19":{"loc":{"start":{"line":272,"column":22},"end":{"line":272,"column":82}},"type":"cond-expr","locations":[{"start":{"line":272,"column":60},"end":{"line":272,"column":70}},{"start":{"line":272,"column":73},"end":{"line":272,"column":82}}]},"20":{"loc":{"start":{"line":284,"column":4},"end":{"line":296,"column":5}},"type":"if","locations":[{"start":{"line":284,"column":4},"end":{"line":296,"column":5}}]},"21":{"loc":{"start":{"line":284,"column":8},"end":{"line":284,"column":42}},"type":"binary-expr","locations":[{"start":{"line":284,"column":8},"end":{"line":284,"column":15}},{"start":{"line":284,"column":19},"end":{"line":284,"column":42}}]},"22":{"loc":{"start":{"line":286,"column":8},"end":{"line":286,"column":83}},"type":"binary-expr","locations":[{"start":{"line":286,"column":8},"end":{"line":286,"column":43}},{"start":{"line":286,"column":47},"end":{"line":286,"column":83}}]},"23":{"loc":{"start":{"line":293,"column":11},"end":{"line":293,"column":41}},"type":"cond-expr","locations":[{"start":{"line":293,"column":19},"end":{"line":293,"column":36}},{"start":{"line":293,"column":39},"end":{"line":293,"column":41}}]},"24":{"loc":{"start":{"line":330,"column":20},"end":{"line":330,"column":42}},"type":"binary-expr","locations":[{"start":{"line":330,"column":20},"end":{"line":330,"column":33}},{"start":{"line":330,"column":37},"end":{"line":330,"column":42}}]},"25":{"loc":{"start":{"line":331,"column":22},"end":{"line":331,"column":46}},"type":"binary-expr","locations":[{"start":{"line":331,"column":22},"end":{"line":331,"column":37}},{"start":{"line":331,"column":41},"end":{"line":331,"column":46}}]},"26":{"loc":{"start":{"line":346,"column":8},"end":{"line":346,"column":56}},"type":"cond-expr","locations":[{"start":{"line":346,"column":31},"end":{"line":346,"column":42}},{"start":{"line":346,"column":45},"end":{"line":346,"column":56}}]},"27":{"loc":{"start":{"line":25,"column":20},"end":{"line":25,"column":null}},"type":"cond-expr","locations":[{"start":{"line":25,"column":33},"end":{"line":25,"column":null}},{"start":{"line":25,"column":33},"end":{"line":25,"column":null}}]},"28":{"loc":{"start":{"line":25,"column":20},"end":{"line":25,"column":33}},"type":"binary-expr","locations":[{"start":{"line":25,"column":20},"end":{"line":25,"column":null}},{"start":{"line":25,"column":20},"end":{"line":25,"column":33}}]},"29":{"loc":{"start":{"line":25,"column":33},"end":{"line":26,"column":null}},"type":"cond-expr","locations":[{"start":{"line":26,"column":53},"end":{"line":26,"column":null}},{"start":{"line":26,"column":53},"end":{"line":26,"column":null}}]},"30":{"loc":{"start":{"line":25,"column":33},"end":{"line":26,"column":53}},"type":"binary-expr","locations":[{"start":{"line":25,"column":33},"end":{"line":26,"column":null}},{"start":{"line":26,"column":24},"end":{"line":26,"column":53}}]}},"s":{"0":1,"1":1,"2":1,"3":1,"4":1,"5":1,"6":1,"7":17,"8":17,"9":17,"10":4,"11":4,"12":4,"13":1,"14":1,"15":3,"16":3,"17":3,"18":3,"19":3,"20":3,"21":3,"22":2,"23":2,"24":2,"25":2,"26":1,"27":1,"28":2,"29":2,"30":2,"31":2,"32":4,"33":4,"34":1,"35":3,"36":1,"37":2,"38":4,"39":1,"40":3,"41":3,"42":3,"43":2,"44":2,"45":2,"46":3,"47":3,"48":3,"49":3,"50":3,"51":3,"52":2,"53":2,"54":3,"55":7,"56":7,"57":7,"58":0,"59":1,"60":1},"f":{"0":17,"1":4,"2":2,"3":4,"4":4,"5":3,"6":7},"b":{"0":[4,2],"1":[1],"2":[3,1],"3":[0],"4":[0],"5":[1],"6":[0,2],"7":[2,0],"8":[2,2],"9":[1],"10":[1],"11":[3,2],"12":[0],"13":[1],"14":[4,2],"15":[2],"16":[3,2],"17":[2],"18":[2,2],"19":[2,1],"20":[2],"21":[3,3],"22":[2,1],"23":[0,2],"24":[7,7],"25":[7,5],"26":[0,0],"27":[1,0],"28":[1,1],"29":[1,0],"30":[1,1]}}
}
