TN:
SF:src/app.service.ts
FN:5,(anonymous_1)
FNF:1
FNH:1
FNDA:1,(anonymous_1)
DA:1,1
DA:4,1
DA:6,1
LF:3
LH:3
BRF:0
BRH:0
end_of_record
TN:
SF:src/auth/auth.service.ts
FN:17,(anonymous_11)
FN:32,(anonymous_12)
FN:82,(anonymous_13)
FN:120,(anonymous_14)
FNF:4
FNH:4
FNDA:12,(anonymous_11)
FNDA:7,(anonymous_12)
FNDA:5,(anonymous_13)
FNDA:4,(anonymous_14)
DA:1,1
DA:7,1
DA:8,1
DA:9,1
DA:14,1
DA:15,12
DA:18,12
DA:19,12
DA:33,7
DA:37,7
DA:38,2
DA:39,2
DA:42,5
DA:43,5
DA:45,5
DA:46,1
DA:47,1
DA:50,4
DA:55,4
DA:56,4
DA:61,4
DA:63,4
DA:83,5
DA:87,5
DA:88,5
DA:90,5
DA:91,1
DA:92,1
DA:95,4
DA:96,1
DA:99,3
DA:101,3
DA:110,3
DA:111,3
DA:121,4
LF:35
LH:35
BRDA:37,0,0,2
BRDA:37,1,0,7
BRDA:37,1,1,6
BRDA:42,2,0,5
BRDA:42,2,1,4
BRDA:45,3,0,1
BRDA:58,4,0,1
BRDA:58,4,1,3
BRDA:87,5,0,5
BRDA:87,5,1,4
BRDA:90,6,0,1
BRDA:95,7,0,1
BRDA:18,8,0,1
BRDA:18,8,1,0
BRDA:18,9,0,1
BRDA:18,9,1,1
BRDA:18,10,0,1
BRDA:18,10,1,0
BRDA:18,11,0,1
BRDA:18,11,1,1
BRF:20
BRH:18
end_of_record
TN:
SF:src/events/events.service.ts
FN:10,(anonymous_2)
FN:23,(anonymous_3)
FN:58,(anonymous_4)
FN:79,(anonymous_5)
FN:122,(anonymous_6)
FN:161,(anonymous_7)
FN:168,(anonymous_8)
FN:187,(anonymous_9)
FNF:8
FNH:7
FNDA:12,(anonymous_2)
FNDA:2,(anonymous_3)
FNDA:2,(anonymous_4)
FNDA:5,(anonymous_5)
FNDA:3,(anonymous_6)
FNDA:3,(anonymous_7)
FNDA:0,(anonymous_8)
FNDA:2,(anonymous_9)
DA:1,1
DA:2,1
DA:3,1
DA:4,1
DA:7,1
DA:8,12
DA:11,12
DA:12,12
DA:24,2
DA:25,2
DA:33,2
DA:49,2
DA:59,2
DA:66,2
DA:67,1
DA:80,5
DA:84,5
DA:86,4
DA:88,4
DA:89,2
DA:90,2
DA:91,1
DA:95,3
DA:96,3
DA:100,2
DA:102,2
DA:109,2
DA:111,1
DA:129,3
DA:142,3
DA:146,3
DA:147,2
DA:148,2
DA:149,2
DA:151,2
DA:161,3
DA:162,2
DA:163,2
DA:169,0
DA:177,3
DA:191,2
DA:192,2
DA:202,2
DA:209,0
LF:44
LH:42
BRDA:23,0,0,0
BRDA:23,1,0,0
BRDA:28,2,0,2
BRDA:28,2,1,1
BRDA:66,3,0,1
BRDA:84,4,0,1
BRDA:88,5,0,2
BRDA:90,6,0,1
BRDA:135,7,0,3
BRDA:135,7,1,3
BRDA:138,8,0,3
BRDA:138,8,1,0
BRDA:143,9,0,3
BRDA:143,9,1,0
BRDA:143,10,0,3
BRDA:143,10,1,2
BRDA:146,11,0,2
BRDA:148,12,0,0
BRDA:148,12,1,2
BRDA:154,13,0,1
BRDA:154,13,1,1
BRDA:162,14,0,2
BRDA:171,15,0,0
BRDA:171,15,1,0
BRDA:211,16,0,0
BRDA:211,16,1,0
BRDA:11,17,0,1
BRDA:11,17,1,0
BRDA:11,18,0,1
BRDA:11,18,1,1
BRDA:11,19,0,1
BRDA:11,19,1,0
BRDA:11,20,0,1
BRDA:11,20,1,1
BRF:34
BRH:23
end_of_record
TN:
SF:src/fcm/fcm.service.ts
FN:17,(anonymous_11)
FN:19,(anonymous_12)
FN:44,(anonymous_13)
FN:52,(anonymous_14)
FNF:4
FNH:4
FNDA:9,(anonymous_11)
FNDA:8,(anonymous_12)
FNDA:4,(anonymous_13)
FNDA:5,(anonymous_14)
DA:1,6
DA:2,6
DA:3,6
DA:12,6
DA:13,9
DA:15,9
DA:17,9
DA:20,8
DA:21,8
DA:22,8
DA:24,8
DA:25,3
DA:29,3
DA:32,5
DA:40,5
DA:41,5
DA:45,4
DA:53,5
DA:54,1
DA:55,1
DA:57,4
DA:59,3
DA:60,3
DA:76,3
DA:77,2
DA:80,2
DA:82,1
DA:83,1
LF:28
LH:28
BRDA:24,0,0,3
BRDA:24,1,0,8
BRDA:24,1,1,6
BRDA:24,1,2,5
BRDA:53,2,0,1
BRDA:57,3,0,1
BRDA:66,4,0,3
BRDA:66,4,1,3
BRDA:17,5,0,6
BRDA:17,5,1,0
BRDA:17,6,0,6
BRDA:17,6,1,6
BRF:12
BRH:11
end_of_record
TN:
SF:src/members/members.service.ts
FN:9,(anonymous_2)
FN:21,(anonymous_3)
FN:52,(anonymous_4)
FN:104,(anonymous_5)
FN:144,(anonymous_6)
FN:161,(anonymous_7)
FNF:6
FNH:6
FNDA:9,(anonymous_2)
FNDA:2,(anonymous_3)
FNDA:3,(anonymous_4)
FNDA:2,(anonymous_5)
FNDA:2,(anonymous_6)
FNDA:1,(anonymous_7)
DA:1,1
DA:3,1
DA:6,1
DA:7,9
DA:9,9
DA:22,2
DA:24,2
DA:35,2
DA:36,1
DA:37,1
DA:40,1
DA:60,3
DA:61,3
DA:63,3
DA:69,3
DA:76,3
DA:92,3
DA:105,2
DA:107,2
DA:125,2
DA:126,1
DA:127,1
DA:130,1
DA:154,2
DA:156,2
DA:157,1
DA:158,1
DA:161,1
DA:162,1
DA:164,1
LF:30
LH:30
BRDA:35,0,0,1
BRDA:60,1,0,1
BRDA:60,2,0,1
BRDA:65,3,0,1
BRDA:65,3,1,2
BRDA:66,4,0,0
BRDA:66,4,1,3
BRDA:70,5,0,3
BRDA:70,5,1,1
BRDA:71,6,0,3
BRDA:71,6,1,0
BRDA:72,7,0,3
BRDA:72,7,1,0
BRDA:73,8,0,3
BRDA:73,8,1,0
BRDA:125,9,0,1
BRDA:156,10,0,1
BRDA:9,11,0,1
BRDA:9,11,1,0
BRDA:9,12,0,1
BRDA:9,12,1,1
BRF:21
BRH:16
end_of_record
TN:
SF:src/news/news.service.ts
FN:10,(anonymous_2)
FN:21,(anonymous_3)
FN:45,(anonymous_4)
FN:60,(anonymous_5)
FN:97,(anonymous_6)
FN:120,(anonymous_7)
FN:131,(anonymous_8)
FNF:7
FNH:7
FNDA:8,(anonymous_2)
FNDA:2,(anonymous_3)
FNDA:2,(anonymous_4)
FNDA:3,(anonymous_5)
FNDA:1,(anonymous_6)
FNDA:3,(anonymous_7)
FNDA:3,(anonymous_8)
DA:1,1
DA:2,1
DA:3,1
DA:4,1
DA:7,1
DA:8,8
DA:11,8
DA:12,8
DA:22,2
DA:23,2
DA:36,2
DA:46,2
DA:49,2
DA:50,1
DA:65,3
DA:77,3
DA:81,3
DA:82,2
DA:89,3
DA:98,1
DA:103,1
DA:105,1
DA:125,3
DA:126,3
DA:131,3
DA:132,3
DA:134,2
DA:139,0
LF:28
LH:27
BRDA:21,0,0,0
BRDA:21,1,0,0
BRDA:49,2,0,1
BRDA:72,3,0,3
BRDA:72,3,1,0
BRDA:73,4,0,2
BRDA:73,4,1,1
BRDA:78,5,0,3
BRDA:78,5,1,0
BRDA:81,6,0,2
BRDA:132,7,0,1
BRDA:141,8,0,0
BRDA:141,8,1,0
BRDA:11,9,0,1
BRDA:11,9,1,0
BRDA:11,10,0,1
BRDA:11,10,1,1
BRDA:11,11,0,1
BRDA:11,11,1,0
BRDA:11,12,0,1
BRDA:11,12,1,1
BRF:21
BRH:13
end_of_record
TN:
SF:src/notifications/notification-dispatcher.service.ts
FN:31,(anonymous_4)
FN:39,(anonymous_5)
FN:65,(anonymous_6)
FN:108,(anonymous_7)
FN:125,(anonymous_8)
FN:140,(anonymous_9)
FN:155,(anonymous_10)
FNF:7
FNH:7
FNDA:10,(anonymous_4)
FNDA:9,(anonymous_5)
FNDA:5,(anonymous_6)
FNDA:1,(anonymous_7)
FNDA:2,(anonymous_8)
FNDA:2,(anonymous_9)
FNDA:2,(anonymous_10)
DA:1,5
DA:2,5
DA:4,5
DA:5,5
DA:6,5
DA:7,5
DA:8,5
DA:10,5
DA:11,5
DA:12,5
DA:25,5
DA:26,10
DA:28,10
DA:29,10
DA:32,10
DA:33,10
DA:34,10
DA:35,10
DA:36,10
DA:40,9
DA:42,9
DA:48,9
DA:60,9
DA:61,1
DA:62,1
DA:65,8
DA:67,8
DA:68,8
DA:69,5
DA:76,8
DA:77,8
DA:78,1
DA:81,8
DA:90,8
DA:91,1
DA:92,1
DA:99,8
DA:100,1
DA:120,1
DA:122,1
DA:124,1
DA:125,2
DA:136,1
DA:137,1
DA:138,1
DA:139,1
DA:141,2
DA:156,2
DA:161,2
DA:162,2
DA:163,2
DA:164,1
LF:52
LH:52
BRDA:44,0,0,1
BRDA:44,0,1,8
BRDA:45,1,0,1
BRDA:45,1,1,8
BRDA:60,2,0,1
BRDA:68,3,0,5
BRDA:72,4,0,5
BRDA:72,4,1,5
BRDA:77,5,0,1
BRDA:77,6,0,8
BRDA:77,6,1,1
BRDA:77,6,2,1
BRDA:86,7,0,5
BRDA:86,7,1,3
BRDA:90,8,0,1
BRDA:90,9,0,8
BRDA:90,9,1,7
BRDA:90,9,2,1
BRDA:91,10,0,0
BRDA:91,10,1,1
BRDA:99,11,0,1
BRDA:99,12,0,8
BRDA:99,12,1,1
BRDA:99,12,2,1
BRDA:120,13,0,1
BRDA:120,13,1,0
BRDA:127,14,0,2
BRDA:127,14,1,0
BRDA:130,15,0,2
BRDA:130,15,1,2
BRDA:131,16,0,2
BRDA:131,16,1,2
BRDA:132,17,0,2
BRDA:132,17,1,2
BRDA:163,18,0,1
BRDA:32,19,0,5
BRDA:32,19,1,0
BRDA:32,20,0,5
BRDA:32,20,1,5
BRDA:32,21,0,5
BRDA:32,21,1,0
BRDA:32,22,0,5
BRDA:32,22,1,5
BRDA:33,23,0,5
BRDA:33,23,1,0
BRDA:33,24,0,5
BRDA:33,24,1,5
BRDA:34,25,0,5
BRDA:34,25,1,0
BRDA:34,26,0,5
BRDA:34,26,1,5
BRF:51
BRH:44
end_of_record
TN:
SF:src/notifications/notification-processor.service.ts
FN:33,(anonymous_2)
FN:40,(anonymous_3)
FN:67,(anonymous_4)
FNF:3
FNH:3
FNDA:10,(anonymous_2)
FNDA:5,(anonymous_3)
FNDA:5,(anonymous_4)
DA:1,1
DA:2,1
DA:4,1
DA:5,1
DA:6,1
DA:7,1
DA:30,1
DA:31,10
DA:34,10
DA:35,10
DA:36,10
DA:40,1
DA:41,5
DA:43,5
DA:45,5
DA:50,5
DA:51,3
DA:52,3
DA:55,2
DA:57,2
DA:58,1
DA:62,1
DA:67,1
DA:68,5
DA:70,5
DA:72,5
DA:77,5
DA:78,3
DA:79,3
DA:82,2
DA:83,2
DA:85,2
DA:86,1
DA:90,1
LF:34
LH:34
BRDA:50,0,0,3
BRDA:50,1,0,5
BRDA:50,1,1,4
BRDA:50,1,2,3
BRDA:57,2,0,1
BRDA:77,3,0,3
BRDA:77,4,0,5
BRDA:77,4,1,4
BRDA:77,4,2,3
BRDA:85,5,0,1
BRDA:40,6,0,1
BRDA:40,6,1,0
BRDA:40,7,0,1
BRDA:40,7,1,1
BRDA:67,8,0,1
BRDA:67,8,1,0
BRDA:67,9,0,1
BRDA:67,9,1,1
BRDA:34,10,0,1
BRDA:34,10,1,0
BRDA:34,11,0,1
BRDA:34,11,1,1
BRDA:34,12,0,1
BRDA:34,12,1,0
BRDA:34,13,0,1
BRDA:34,13,1,1
BRDA:35,14,0,1
BRDA:35,14,1,0
BRDA:35,15,0,1
BRDA:35,15,1,1
BRF:30
BRH:25
end_of_record
TN:
SF:src/notifications/notifications.service.ts
FN:8,(anonymous_2)
FN:16,(anonymous_3)
FN:67,(anonymous_4)
FN:80,(anonymous_5)
FNF:4
FNH:4
FNDA:7,(anonymous_2)
FNDA:4,(anonymous_3)
FNDA:2,(anonymous_4)
FNDA:1,(anonymous_5)
DA:1,1
DA:2,1
DA:5,1
DA:6,7
DA:8,7
DA:20,4
DA:21,4
DA:23,4
DA:28,4
DA:50,4
DA:68,2
DA:71,2
DA:72,2
DA:81,1
DA:85,1
LF:15
LH:15
BRDA:25,0,0,1
BRDA:25,0,1,3
BRDA:8,1,0,1
BRDA:8,1,1,0
BRDA:8,2,0,1
BRDA:8,2,1,1
BRF:6
BRH:5
end_of_record
TN:
SF:src/sms/sms.service.ts
FN:16,(anonymous_2)
FN:18,(anonymous_3)
FN:41,(anonymous_4)
FN:49,(anonymous_5)
FN:86,(anonymous_6)
FNF:5
FNH:5
FNDA:8,(anonymous_2)
FNDA:8,(anonymous_3)
FNDA:2,(anonymous_4)
FNDA:3,(anonymous_5)
FNDA:3,(anonymous_6)
DA:1,6
DA:2,6
DA:3,6
DA:10,6
DA:11,8
DA:12,8
DA:14,8
DA:16,8
DA:19,8
DA:20,8
DA:21,8
DA:23,8
DA:24,5
DA:27,5
DA:30,3
DA:35,3
DA:37,3
DA:38,3
DA:42,2
DA:50,3
DA:52,2
DA:67,2
DA:68,2
DA:69,1
DA:73,1
DA:75,1
DA:79,1
DA:87,3
DA:88,3
DA:89,3
DA:92,3
DA:94,3
LF:32
LH:32
BRDA:21,0,0,8
BRDA:21,0,1,5
BRDA:23,1,0,5
BRDA:23,2,0,8
BRDA:23,2,1,3
BRDA:36,3,0,3
BRDA:36,3,1,0
BRDA:50,4,0,1
BRDA:50,5,0,3
BRDA:50,5,1,2
BRDA:92,6,0,1
BRDA:92,6,1,2
BRDA:16,7,0,6
BRDA:16,7,1,0
BRDA:16,8,0,6
BRDA:16,8,1,6
BRF:16
BRH:14
end_of_record
TN:
SF:src/telegram/telegram-link.service.ts
FN:10,(anonymous_11)
FN:18,(anonymous_12)
FN:44,(anonymous_13)
FN:94,(anonymous_14)
FN:119,(anonymous_15)
FN:124,(anonymous_16)
FN:131,(anonymous_17)
FN:147,(anonymous_18)
FN:150,(anonymous_19)
FN:154,(anonymous_20)
FNF:10
FNH:8
FNDA:12,(anonymous_11)
FNDA:2,(anonymous_12)
FNDA:5,(anonymous_13)
FNDA:3,(anonymous_14)
FNDA:2,(anonymous_15)
FNDA:0,(anonymous_16)
FNDA:0,(anonymous_17)
FNDA:2,(anonymous_18)
FNDA:16,(anonymous_19)
FNDA:2,(anonymous_20)
DA:1,1
DA:2,1
DA:3,1
DA:4,1
DA:7,1
DA:8,12
DA:11,12
DA:12,12
DA:20,2
DA:25,2
DA:26,2
DA:28,2
DA:32,2
DA:34,2
DA:38,2
DA:45,5
DA:50,5
DA:51,3
DA:55,3
DA:58,2
DA:59,1
DA:63,1
DA:67,1
DA:81,1
DA:83,1
DA:95,3
DA:100,3
DA:102,2
DA:107,2
DA:108,1
DA:120,2
DA:122,1
DA:124,1
DA:125,0
DA:126,0
DA:127,0
DA:128,0
DA:131,1
DA:132,0
DA:141,1
DA:148,2
DA:149,2
DA:150,16
DA:155,2
DA:156,2
DA:157,2
DA:159,0
LF:47
LH:41
BRDA:50,0,0,3
BRDA:50,1,0,5
BRDA:50,1,1,4
BRDA:50,1,2,3
BRDA:58,2,0,1
BRDA:58,3,0,2
BRDA:58,3,1,1
BRDA:100,4,0,1
BRDA:107,5,0,1
BRDA:120,6,0,1
BRDA:126,7,0,0
BRDA:126,7,1,0
BRDA:157,8,0,2
BRDA:157,8,1,0
BRDA:11,9,0,1
BRDA:11,9,1,0
BRDA:11,10,0,1
BRDA:11,10,1,1
BRDA:11,11,0,1
BRDA:11,11,1,0
BRDA:11,12,0,1
BRDA:11,12,1,1
BRF:22
BRH:17
end_of_record
TN:
SF:src/telegram/telegram.service.ts
FN:11,(anonymous_3)
FN:13,(anonymous_4)
FN:29,(anonymous_5)
FN:33,(anonymous_6)
FN:40,(anonymous_7)
FN:66,(anonymous_8)
FN:78,(anonymous_9)
FNF:7
FNH:0
FNDA:0,(anonymous_3)
FNDA:0,(anonymous_4)
FNDA:0,(anonymous_5)
FNDA:0,(anonymous_6)
FNDA:0,(anonymous_7)
FNDA:0,(anonymous_8)
FNDA:0,(anonymous_9)
DA:1,6
DA:2,6
DA:3,6
DA:6,6
DA:7,0
DA:9,0
DA:11,0
DA:14,0
DA:15,0
DA:16,0
DA:19,0
DA:23,0
DA:24,0
DA:25,0
DA:26,0
DA:30,0
DA:34,0
DA:45,0
DA:47,0
DA:49,0
DA:53,0
DA:56,0
DA:58,0
DA:59,0
DA:67,0
DA:68,0
DA:69,0
DA:71,0
DA:79,0
LF:29
LH:4
BRDA:15,0,0,0
BRDA:26,1,0,0
BRDA:26,1,1,0
BRDA:45,2,0,0
BRDA:67,3,0,0
BRDA:11,4,0,6
BRDA:11,4,1,0
BRDA:11,5,0,6
BRDA:11,5,1,6
BRF:9
BRH:3
end_of_record
TN:
SF:src/tickets/tickets.service.ts
FN:24,(anonymous_2)
FN:40,(anonymous_3)
FN:101,(anonymous_4)
FN:156,(anonymous_5)
FN:195,(anonymous_6)
FN:247,(anonymous_7)
FN:311,(anonymous_8)
FNF:7
FNH:7
FNDA:17,(anonymous_2)
FNDA:4,(anonymous_3)
FNDA:2,(anonymous_4)
FNDA:4,(anonymous_5)
FNDA:4,(anonymous_6)
FNDA:3,(anonymous_7)
FNDA:7,(anonymous_8)
DA:1,1
DA:2,1
DA:3,1
DA:4,1
DA:6,1
DA:12,1
DA:21,1
DA:22,17
DA:25,17
DA:26,17
DA:46,4
DA:48,4
DA:52,4
DA:53,1
DA:54,1
DA:57,3
DA:58,3
DA:59,3
DA:61,3
DA:78,3
DA:80,3
DA:87,3
DA:106,2
DA:107,2
DA:109,2
DA:110,2
DA:111,1
DA:115,1
DA:118,2
DA:120,2
DA:126,2
DA:140,2
DA:157,4
DA:171,4
DA:173,3
DA:174,1
DA:177,2
DA:202,4
DA:203,1
DA:206,3
DA:215,3
DA:220,3
DA:221,2
DA:222,2
DA:223,2
DA:232,3
DA:253,3
DA:258,3
DA:278,3
DA:283,3
DA:284,3
DA:286,2
DA:287,2
DA:298,3
DA:322,7
DA:323,7
DA:335,7
DA:344,0
LF:58
LH:57
BRDA:46,0,0,4
BRDA:46,0,1,2
BRDA:52,1,0,1
BRDA:57,2,0,3
BRDA:57,2,1,1
BRDA:106,3,0,0
BRDA:106,4,0,0
BRDA:110,5,0,1
BRDA:118,6,0,0
BRDA:118,6,1,2
BRDA:123,7,0,2
BRDA:123,7,1,0
BRDA:163,8,0,2
BRDA:163,8,1,2
BRDA:171,9,0,1
BRDA:173,10,0,1
BRDA:173,11,0,3
BRDA:173,11,1,2
BRDA:200,12,0,0
BRDA:202,13,0,1
BRDA:202,14,0,4
BRDA:202,14,1,2
BRDA:220,15,0,2
BRDA:220,16,0,3
BRDA:220,16,1,2
BRDA:222,17,0,2
BRDA:222,18,0,2
BRDA:222,18,1,2
BRDA:272,19,0,2
BRDA:272,19,1,1
BRDA:284,20,0,2
BRDA:284,21,0,3
BRDA:284,21,1,3
BRDA:286,22,0,2
BRDA:286,22,1,1
BRDA:293,23,0,0
BRDA:293,23,1,2
BRDA:330,24,0,7
BRDA:330,24,1,7
BRDA:331,25,0,7
BRDA:331,25,1,5
BRDA:346,26,0,0
BRDA:346,26,1,0
BRDA:25,27,0,1
BRDA:25,27,1,0
BRDA:25,28,0,1
BRDA:25,28,1,1
BRDA:25,29,0,1
BRDA:25,29,1,0
BRDA:25,30,0,1
BRDA:25,30,1,1
BRF:51
BRH:41
end_of_record
